Build started 23/04/2012 12:07:57.
     1>Project "C:\Users\Marcos\Desktop\Cronus Trunk - Rev 3338\Cronus Trunk - Rev 3338\vcproj-9\map-server_sql.vcxproj" on node 5 (build target(s)).
     1>InitializeBuildStatus:
         Creating "map-server_sql\Debug\map-server_sql.unsuccessfulbuild" because "AlwaysCreate" was specified.
       ClCompile:
         C:\Program Files (x86)\Microsoft Visual Studio 10.0\VC\bin\CL.exe /c /I..\3rdparty\mysql\include /I..\3rdparty\zlib\include /I..\3rdparty\pcre\include /I..\3rdparty\msinttypes\include /I..\3rdparty\mt19937ar /ZI /nologo /W3 /WX- /Od /Oy- /D WIN32 /D _WIN32 /D __WIN32 /D _DEBUG /D PCRE_SUPPORT /D _CRT_SECURE_NO_DEPRECATE /D _CRT_NONSTDC_NO_DEPRECATE /D FD_SETSIZE=4096 /D DB_MANUAL_CAST_TO_UNION /D _MBCS /Gm /RTC1 /MTd /GS /Gy /fp:precise /Zc:wchar_t /Zc:forScope /Fo"map-server_sql\Debug\\" /Fd"map-server_sql\Debug\vc100.pdb" /Gd /TC /wd4018 /wd4100 /wd4800 /analyze- /errorReport:prompt ..\3rdparty\mt19937ar\mt19937ar.c ..\src\common\core.c ..\src\common\db.c ..\src\common\ers.c ..\src\common\grfio.c ..\src\common\lock.c ..\src\common\malloc.c ..\src\common\md5calc.c ..\src\common\mapindex.c ..\src\common\nullpo.c ..\src\common\plugins.c ..\src\common\random.c ..\src\common\showmsg.c ..\src\common\socket.c ..\src\common\sql.c ..\src\common\strlib.c ..\src\common\timer.c ..\src\common\utils.c ..\src\map\atcommand.c ..\src\map\battle.c ..\src\map\battleground.c ..\src\map\buyingstore.c ..\src\map\chat.c ..\src\map\chrif.c ..\src\map\clif.c ..\src\map\date.c ..\src\map\duel.c ..\src\map\guild.c ..\src\map\intif.c ..\src\map\itemdb.c ..\src\map\log.c ..\src\map\mail.c ..\src\map\map.c ..\src\map\mapreg_sql.c ..\src\map\homunculus.c ..\src\map\instance.c ..\src\map\mercenary.c ..\src\map\mob.c ..\src\map\npc.c ..\src\map\npc_chat.c ..\src\map\party.c ..\src\map\path.c ..\src\map\pc.c ..\src\map\pet.c ..\src\map\quest.c ..\src\map\script.c ..\src\map\searchstore.c ..\src\map\skill.c ..\src\map\status.c ..\src\map\storage.c ..\src\map\trade.c ..\src\map\unit.c ..\src\map\vending.c
         vending.c
         unit.c
         trade.c
         storage.c
         status.c
         skill.c
         searchstore.c
         script.c
         quest.c
         pet.c
         pc.c
         path.c
         party.c
         npc_chat.c
         npc.c
         mob.c
         mercenary.c
         instance.c
         homunculus.c
         mapreg_sql.c
         Generating Code...
         Compiling...
         map.c
         mail.c
         log.c
         itemdb.c
         intif.c
         guild.c
         duel.c
         date.c
         clif.c
         chrif.c
         chat.c
         buyingstore.c
         battleground.c
         battle.c
         atcommand.c
         utils.c
         timer.c
         strlib.c
         sql.c
         socket.c
         Generating Code...
         Compiling...
         showmsg.c
         random.c
         plugins.c
         nullpo.c
         mapindex.c
         md5calc.c
         malloc.c
         lock.c
         grfio.c
         ers.c
         db.c
         core.c
         mt19937ar.c
         Generating Code...
       ManifestResourceCompile:
         C:\Program Files (x86)\Microsoft SDKs\Windows\v7.0A\bin\rc.exe /nologo /fo"map-server_sql\Debug\map-server_sql.exe.embed.manifest.res" map-server_sql\Debug\map-server_sql_manifest.rc 
       Link:
         C:\Program Files (x86)\Microsoft Visual Studio 10.0\VC\bin\link.exe /ERRORREPORT:PROMPT /OUT:"..\map-server_sql.exe" /INCREMENTAL /NOLOGO /LIBPATH:..\3rdparty\mysql\lib /LIBPATH:..\3rdparty\zlib\lib /LIBPATH:..\3rdparty\pcre\lib libcmtd.lib oldnames.lib ws2_32.lib libmysql.lib zdll.lib pcre.lib kernel32.lib user32.lib gdi32.lib winspool.lib comdlg32.lib advapi32.lib shell32.lib ole32.lib oleaut32.lib uuid.lib odbc32.lib odbccp32.lib /NODEFAULTLIB /MANIFEST /ManifestFile:"map-server_sql\Debug\map-server_sql.exe.intermediate.manifest" /MANIFESTUAC:"level='asInvoker' uiAccess='false'" /DEBUG /PDB:"..\map-server_sql.pdb" /SUBSYSTEM:CONSOLE /TLBID:1 /DYNAMICBASE:NO /IMPLIB:"..\map-server_sql.lib" /MACHINE:X86 "map-server_sql\Debug\map-server_sql.exe.embed.manifest.res"
         "map-server_sql\Debug\mt19937ar.obj"
         "map-server_sql\Debug\core.obj"
         "map-server_sql\Debug\db.obj"
         "map-server_sql\Debug\ers.obj"
         "map-server_sql\Debug\grfio.obj"
         "map-server_sql\Debug\lock.obj"
         "map-server_sql\Debug\malloc.obj"
         "map-server_sql\Debug\md5calc.obj"
         "map-server_sql\Debug\mapindex.obj"
         "map-server_sql\Debug\nullpo.obj"
         "map-server_sql\Debug\plugins.obj"
         "map-server_sql\Debug\random.obj"
         "map-server_sql\Debug\showmsg.obj"
         "map-server_sql\Debug\socket.obj"
         "map-server_sql\Debug\sql.obj"
         "map-server_sql\Debug\strlib.obj"
         "map-server_sql\Debug\timer.obj"
         "map-server_sql\Debug\utils.obj"
         "map-server_sql\Debug\atcommand.obj"
         "map-server_sql\Debug\battle.obj"
         "map-server_sql\Debug\battleground.obj"
         "map-server_sql\Debug\buyingstore.obj"
         "map-server_sql\Debug\chat.obj"
         "map-server_sql\Debug\chrif.obj"
         "map-server_sql\Debug\clif.obj"
         "map-server_sql\Debug\date.obj"
         "map-server_sql\Debug\duel.obj"
         "map-server_sql\Debug\guild.obj"
         "map-server_sql\Debug\intif.obj"
         "map-server_sql\Debug\itemdb.obj"
         "map-server_sql\Debug\log.obj"
         "map-server_sql\Debug\mail.obj"
         "map-server_sql\Debug\map.obj"
         "map-server_sql\Debug\mapreg_sql.obj"
         "map-server_sql\Debug\homunculus.obj"
         "map-server_sql\Debug\instance.obj"
         "map-server_sql\Debug\mercenary.obj"
         "map-server_sql\Debug\mob.obj"
         "map-server_sql\Debug\npc.obj"
         "map-server_sql\Debug\npc_chat.obj"
         "map-server_sql\Debug\party.obj"
         "map-server_sql\Debug\path.obj"
         "map-server_sql\Debug\pc.obj"
         "map-server_sql\Debug\pet.obj"
         "map-server_sql\Debug\quest.obj"
         "map-server_sql\Debug\script.obj"
         "map-server_sql\Debug\searchstore.obj"
         "map-server_sql\Debug\skill.obj"
         "map-server_sql\Debug\status.obj"
         "map-server_sql\Debug\storage.obj"
         "map-server_sql\Debug\trade.obj"
         "map-server_sql\Debug\unit.obj"
         "map-server_sql\Debug\vending.obj"
       Manifest:
         C:\Program Files (x86)\Microsoft SDKs\Windows\v7.0A\bin\mt.exe /nologo /verbose /out:"map-server_sql\Debug\map-server_sql.exe.embed.manifest" /manifest "map-server_sql\Debug\map-server_sql.exe.intermediate.manifest"
         All outputs are up-to-date.
       LinkEmbedManifest:
         All outputs are up-to-date.
         map-server_sql.vcxproj -> C:\Users\Marcos\Desktop\Cronus Trunk - Rev 3338\Cronus Trunk - Rev 3338\vcproj-9\..\map-server_sql.exe
       FinalizeBuildStatus:
         Deleting file "map-server_sql\Debug\map-server_sql.unsuccessfulbuild".
         Touching "map-server_sql\Debug\map-server_sql.lastbuildstate".
     1>Done Building Project "C:\Users\Marcos\Desktop\Cronus Trunk - Rev 3338\Cronus Trunk - Rev 3338\vcproj-9\map-server_sql.vcxproj" (build target(s)).

Build succeeded.

Time Elapsed 00:00:12.10
