10/31/2011 19:26:31 - Mia a7x5[2000002]: @job 4013
10/31/2011 19:26:50 - Mia a7x5[2000002]: @allskill
10/31/2011 19:27:10 - Mia a7x5[2000002]: @allskill
10/31/2011 19:27:47 - Mia a7x5[2000002]: @sakura
10/31/2011 19:33:36 - Mia a7x5[2000002]: @recallall
10/31/2011 19:34:17 - Mia a7x5[2000002]: @adjgmlvl dadada 99
10/31/2011 19:34:34 - Mia a7x5[2000002]: @adjgmlvl 99 dadada
04/01/2021 20:02:37 - admin[2000000]: @warp prontera
04/01/2021 20:02:40 - admin[2000000]: @warp prontera
04/01/2021 20:02:41 - admin[2000000]: @warp prontera
04/01/2021 20:02:42 - admin[2000000]: @warp prontera
04/01/2021 20:02:42 - admin[2000000]: @warp prontera
04/01/2021 20:02:43 - admin[2000000]: @warp prontera
04/01/2021 20:02:44 - admin[2000000]: @warp prontera
04/01/2021 20:33:58 - admin[2000000]: @baselevel 99
04/01/2021 20:34:00 - admin[2000000]: @baselevel 99
04/01/2021 21:05:17 - admin[2000000]: @baselevel 100
04/01/2021 21:05:26 - admin[2000000]: @baselevel 112
04/01/2021 21:05:27 - admin[2000000]: @baselevel 112
04/01/2021 21:07:21 - admin[2000000]: @baselevel 20
04/02/2021 19:19:17 - admin[2000000]: @job
04/02/2021 19:20:00 - admin[2000000]: @job 4017
04/02/2021 19:20:11 - admin[2000000]: @baselevel 120
04/02/2021 19:20:13 - admin[2000000]: @baselevel 120
04/02/2021 19:20:14 - admin[2000000]: @baselevel 120
04/03/2021 09:51:37 - admin[2000000]: @heal
04/03/2021 09:51:42 - admin[2000000]: @baselevel 10
04/03/2021 09:52:16 - admin[2000000]: @guild "ADMIN"
04/03/2021 09:57:39 - admin[2000000]: @baselevel 20
04/03/2021 09:57:46 - admin[2000000]: @baselevel 20
04/03/2021 09:57:47 - admin[2000000]: @baselevel 20
04/03/2021 09:57:47 - admin[2000000]: @baselevel 20
04/03/2021 09:57:48 - admin[2000000]: @baselevel 20
04/03/2021 09:57:49 - admin[2000000]: @baselevel 20
04/03/2021 09:57:49 - admin[2000000]: @baselevel 20
04/03/2021 09:57:50 - admin[2000000]: @baselevel 20
04/03/2021 09:57:51 - admin[2000000]: @baselevel 20
04/03/2021 09:57:52 - admin[2000000]: @baselevel 20
04/03/2021 09:57:56 - admin[2000000]: @joblevel 70
04/03/2021 10:42:31 - admin[2000000]: @warp prontera
04/03/2021 10:42:33 - admin[2000000]: @warp prontera
04/03/2021 10:42:34 - admin[2000000]: @warp prontera
04/03/2021 10:42:35 - admin[2000000]: @warp prontera
04/03/2021 10:42:35 - admin[2000000]: @warp prontera
04/03/2021 10:42:36 - admin[2000000]: @warp prontera
04/03/2021 10:42:37 - admin[2000000]: @warp prontera
04/03/2021 10:42:38 - admin[2000000]: @warp prontera
04/03/2021 10:42:40 - admin[2000000]: @warp prontera
04/03/2021 10:42:40 - admin[2000000]: @warp prontera
04/03/2021 10:42:42 - admin[2000000]: @warp prontera
04/03/2021 10:42:44 - admin[2000000]: @warp prontera
04/03/2021 10:42:45 - admin[2000000]: @warp prontera
04/03/2021 10:42:46 - admin[2000000]: @warp prontera
04/03/2021 10:42:47 - admin[2000000]: @warp prontera
04/03/2021 10:42:49 - admin[2000000]: @warp prontera
04/03/2021 10:42:50 - admin[2000000]: @warp prontera
04/03/2021 10:42:52 - admin[2000000]: @warp prontera
04/03/2021 10:42:54 - admin[2000000]: @warp prontera
04/03/2021 10:42:56 - admin[2000000]: @warp prontera
04/03/2021 10:42:57 - admin[2000000]: @warp prontera
04/03/2021 10:42:59 - admin[2000000]: @warp prontera
04/03/2021 10:43:00 - admin[2000000]: @warp prontera
04/03/2021 10:43:01 - admin[2000000]: @warp prontera
04/03/2021 10:43:02 - admin[2000000]: @warp prontera
04/03/2021 10:43:03 - admin[2000000]: @warp prontera
04/03/2021 10:43:04 - admin[2000000]: @warp prontera
04/03/2021 10:43:06 - admin[2000000]: @warp prontera
04/03/2021 10:43:07 - admin[2000000]: @warp prontera
04/03/2021 10:43:08 - admin[2000000]: @warp prontera
04/03/2021 10:43:09 - admin[2000000]: @warp prontera
04/03/2021 10:43:10 - admin[2000000]: @warp prontera
04/03/2021 10:43:11 - admin[2000000]: @warp prontera
04/03/2021 10:43:13 - admin[2000000]: @warp prontera
04/03/2021 11:11:53 - Equipe MainRo[2000000]: @warp new_ro
04/03/2021 11:32:57 - Equipe MainRo[2000000]: @reloadscript
04/03/2021 11:33:31 - Equipe MainRo[2000000]: @reloadscript
04/03/2021 11:37:10 - Equipe MainRo[2000000]: @reloadscript
04/03/2021 11:47:50 - Equipe MainRo[2000000]: @reloadscript
04/03/2021 13:49:10 - admin[2000000]: @warp prt_dun02
04/03/2021 13:49:13 - admin[2000000]: @warp prt_dun2
