04/01/2021 20:04:16 - 1002	M	909,-1,prt_fild05
04/01/2021 20:06:19 - 1008	M	915,-1,prt_fild05
04/01/2021 20:06:23 - 1002	L	915,1,0,0,0,0,0,prt_fild05
04/03/2021 10:43:40 - 1063	M	705,-1,prt_fild05
04/03/2021 10:43:40 - 1063	M	507,-1,prt_fild05
04/03/2021 10:43:41 - 1051	L	705,1,0,0,0,0,0,prt_fild05
04/03/2021 10:43:42 - 1051	L	507,1,0,0,0,0,0,prt_fild05
04/03/2021 10:43:55 - 1051	L	705,-1,0,0,0,0,0,prt_fild05
04/03/2021 10:43:55 - 1051	L	507,-1,0,0,0,0,0,prt_fild05
04/03/2021 10:43:57 - 150000	P	705,1,0,0,0,0,0,prt_fild05
04/03/2021 10:43:57 - 150000	P	507,1,0,0,0,0,0,prt_fild05
04/03/2021 10:57:07 - 1048	M	1010,-1,prt_fild05
04/03/2021 10:57:07 - 1048	M	915,-1,prt_fild05
04/03/2021 10:57:07 - 1048	M	938,-1,prt_fild05
04/03/2021 10:57:07 - 1048	M	716,-1,prt_fild05
04/03/2021 10:57:07 - 1048	M	1002,-1,prt_fild05
04/03/2021 11:01:25 - 1008	M	1010,-1,prt_fild05
04/03/2021 11:01:25 - 1008	M	915,-1,prt_fild05
04/03/2021 11:01:25 - 1008	M	938,-1,prt_fild05
04/03/2021 11:01:25 - 1008	M	935,-1,prt_fild05
04/03/2021 11:01:25 - 1008	M	938,-1,prt_fild05
04/03/2021 11:01:25 - 1008	M	1002,-1,prt_fild05
04/03/2021 11:01:26 - 150000	P	1010,1,0,0,0,0,0,prt_fild05
04/03/2021 11:01:29 - 150000	P	935,1,0,0,0,0,0,prt_fild05
04/03/2021 11:01:30 - 150000	P	938,1,0,0,0,0,0,prt_fild05
04/03/2021 11:01:45 - 1002	L	915,1,0,0,0,0,0,prt_fild05
04/03/2021 11:01:46 - 1002	L	1002,1,0,0,0,0,0,prt_fild05
04/03/2021 11:01:47 - 1002	L	938,1,0,0,0,0,0,prt_fild05
04/03/2021 11:34:41 - 1002	M	909,-1,prt_fild05
04/03/2021 11:34:41 - 1002	M	1202,-1,prt_fild05
04/03/2021 11:34:41 - 1002	M	938,-1,prt_fild05
04/03/2021 11:34:41 - 1002	M	512,-1,prt_fild05
04/03/2021 11:34:41 - 1002	M	713,-1,prt_fild05
04/03/2021 11:34:41 - 1002	M	512,-1,prt_fild05
04/03/2021 11:34:44 - 150001	P	512,1,0,0,0,0,0,prt_fild05
04/03/2021 11:34:44 - 150001	P	713,1,0,0,0,0,0,prt_fild05
04/03/2021 11:34:45 - 150001	P	1202,1,0,0,0,0,0,prt_fild05
04/03/2021 11:34:46 - 150001	P	938,1,0,0,0,0,0,prt_fild05
04/03/2021 11:34:47 - 150001	P	512,1,0,0,0,0,0,prt_fild05
04/03/2021 11:34:48 - 150001	P	909,1,0,0,0,0,0,prt_fild05
04/03/2021 13:11:47 - 1063	M	705,-1,prt_fild05
04/03/2021 13:11:47 - 1063	M	949,-1,prt_fild05
04/03/2021 13:11:47 - 1063	M	512,-1,prt_fild05
04/03/2021 13:11:47 - 1063	M	507,-1,prt_fild05
04/03/2021 13:11:47 - 1063	M	515,-1,prt_fild05
04/03/2021 13:46:38 - 1002	M	909,-1,prt_fild05
04/03/2021 13:46:38 - 1002	M	938,-1,prt_fild05
04/03/2021 13:46:38 - 1002	M	512,-1,prt_fild05
04/03/2021 13:46:38 - 1002	M	713,-1,prt_fild05
04/03/2021 13:46:38 - 1002	M	512,-1,prt_fild05
04/03/2021 13:46:38 - 1002	M	619,-1,prt_fild05
04/03/2021 13:46:38 - 1002	L	909,1,0,0,0,0,0,prt_fild05
04/03/2021 13:46:39 - 1002	M	909,-1,prt_fild05
04/03/2021 13:46:39 - 1002	M	938,-1,prt_fild05
04/03/2021 13:46:39 - 1002	M	512,-1,prt_fild05
04/03/2021 13:46:39 - 1002	M	713,-1,prt_fild05
04/03/2021 13:46:39 - 1002	M	512,-1,prt_fild05
04/03/2021 13:46:39 - 1002	M	619,-1,prt_fild05
04/03/2021 13:46:39 - 1002	L	909,-1,0,0,0,0,0,prt_fild05
04/03/2021 13:46:42 - 1002	L	619,1,0,0,0,0,0,prt_fild05
04/03/2021 13:46:43 - 1002	L	512,1,0,0,0,0,0,prt_fild05
04/03/2021 13:46:43 - 1002	L	512,1,0,0,0,0,0,prt_fild05
04/03/2021 13:47:31 - 1002	M	909,-1,prt_fild05
04/03/2021 13:47:31 - 1002	M	1202,-1,prt_fild05
04/03/2021 13:47:31 - 1002	M	938,-1,prt_fild05
04/03/2021 13:47:31 - 1002	M	512,-1,prt_fild05
04/03/2021 13:47:31 - 1002	M	713,-1,prt_fild05
04/03/2021 13:47:31 - 1002	M	512,-1,prt_fild05
04/03/2021 13:47:31 - 1002	M	619,-1,prt_fild05
04/03/2021 13:47:32 - 1002	M	909,-1,prt_fild05
04/03/2021 13:47:32 - 1002	M	1202,-1,prt_fild05
04/03/2021 13:47:32 - 1002	M	938,-1,prt_fild05
04/03/2021 13:47:32 - 1002	M	512,-1,prt_fild05
04/03/2021 13:47:32 - 1002	M	713,-1,prt_fild05
04/03/2021 13:47:32 - 1002	M	512,-1,prt_fild05
04/03/2021 13:47:38 - 150000	P	938,1,0,0,0,0,0,prt_fild05
04/03/2021 13:47:42 - 1008	M	1010,-1,prt_fild05
04/03/2021 13:47:42 - 1008	M	915,-1,prt_fild05
04/03/2021 13:47:42 - 1008	M	938,-1,prt_fild05
04/03/2021 13:47:42 - 1008	M	935,-1,prt_fild05
04/03/2021 13:47:42 - 1008	M	938,-1,prt_fild05
04/03/2021 13:47:42 - 1008	M	1002,-1,prt_fild05
04/03/2021 13:51:08 - 1678	M	7317,-1,juperos_01
04/03/2021 13:51:08 - 1678	M	7358,-1,juperos_01
04/03/2021 13:51:08 - 1678	M	999,-1,juperos_01
04/03/2021 13:51:08 - 1678	M	7094,-1,juperos_01
04/03/2021 13:51:08 - 1678	M	12127,-1,juperos_01
04/03/2021 13:52:35 - 1672	M	7319,-1,juperos_01
04/03/2021 13:52:35 - 1672	M	999,-1,juperos_01
04/03/2021 13:52:35 - 1672	M	7094,-1,juperos_01
04/03/2021 13:52:35 - 1672	M	12128,-1,juperos_01
04/04/2021 23:56:37 - 1002	M	909,-1,prt_fild05
04/04/2021 23:56:37 - 1002	M	1202,-1,prt_fild05
04/04/2021 23:56:37 - 1002	M	938,-1,prt_fild05
04/04/2021 23:56:37 - 1002	M	512,-1,prt_fild05
04/04/2021 23:56:37 - 1002	M	713,-1,prt_fild05
04/04/2021 23:56:37 - 1002	M	512,-1,prt_fild05
04/04/2021 23:56:38 - 1051	L	1202,1,0,0,0,0,0,prt_fild05
04/04/2021 23:56:39 - 1051	L	713,1,0,0,0,0,0,prt_fild05
04/04/2021 23:56:39 - 1051	L	909,1,0,0,0,0,0,prt_fild05
04/04/2021 23:56:39 - 1051	L	938,1,0,0,0,0,0,prt_fild05
04/04/2021 23:56:39 - 1051	L	512,1,0,0,0,0,0,prt_fild05
04/04/2021 23:56:39 - 1051	L	512,1,0,0,0,0,0,prt_fild05
04/04/2021 23:57:08 - 1002	M	909,-1,prt_fild05
04/04/2021 23:57:08 - 1002	M	938,-1,prt_fild05
04/04/2021 23:57:08 - 1002	M	512,-1,prt_fild05
04/04/2021 23:57:08 - 1002	M	713,-1,prt_fild05
04/04/2021 23:57:08 - 1002	M	512,-1,prt_fild05
04/04/2021 23:57:13 - 1002	L	909,1,0,0,0,0,0,prt_fild05
04/04/2021 23:57:14 - 1002	L	512,1,0,0,0,0,0,prt_fild05
04/04/2021 23:57:14 - 1002	L	713,1,0,0,0,0,0,prt_fild05
04/04/2021 23:57:14 - 1002	L	512,1,0,0,0,0,0,prt_fild05
04/04/2021 23:57:15 - 1002	L	938,1,0,0,0,0,0,prt_fild05
04/04/2021 23:57:20 - 1002	M	909,-1,prt_fild05
04/04/2021 23:57:21 - 1002	M	938,-1,prt_fild05
04/04/2021 23:57:21 - 1002	M	512,-1,prt_fild05
04/04/2021 23:57:21 - 1002	M	713,-1,prt_fild05
04/04/2021 23:57:21 - 1002	M	512,-1,prt_fild05
04/04/2021 23:57:21 - 1002	L	909,-1,0,0,0,0,0,prt_fild05
04/04/2021 23:57:21 - 1002	L	512,-1,0,0,0,0,0,prt_fild05
04/04/2021 23:57:21 - 1002	L	713,-1,0,0,0,0,0,prt_fild05
04/04/2021 23:57:21 - 1002	L	512,-1,0,0,0,0,0,prt_fild05
04/04/2021 23:57:21 - 1002	L	938,-1,0,0,0,0,0,prt_fild05
04/04/2021 23:57:27 - 150002	P	909,1,0,0,0,0,0,prt_fild05
04/04/2021 23:57:28 - 150002	P	512,1,0,0,0,0,0,prt_fild05
04/04/2021 23:57:28 - 150002	P	909,1,0,0,0,0,0,prt_fild05
04/04/2021 23:57:28 - 150002	P	512,1,0,0,0,0,0,prt_fild05
04/04/2021 23:57:29 - 150002	P	713,1,0,0,0,0,0,prt_fild05
04/04/2021 23:57:29 - 150002	P	713,1,0,0,0,0,0,prt_fild05
04/04/2021 23:57:31 - 150002	P	938,1,0,0,0,0,0,prt_fild05
04/04/2021 23:58:20 - 1008	M	1010,-1,prt_fild05
04/04/2021 23:58:20 - 1008	M	915,-1,prt_fild05
04/04/2021 23:58:20 - 1008	M	938,-1,prt_fild05
04/04/2021 23:58:20 - 1008	M	935,-1,prt_fild05
04/04/2021 23:58:20 - 1008	M	938,-1,prt_fild05
04/04/2021 23:58:20 - 1008	M	1002,-1,prt_fild05
04/04/2021 23:58:23 - 150002	P	1002,1,0,0,0,0,0,prt_fild05
04/04/2021 23:58:24 - 150002	P	915,1,0,0,0,0,0,prt_fild05
04/04/2021 23:58:24 - 150002	P	1010,1,0,0,0,0,0,prt_fild05
04/04/2021 23:58:25 - 150002	P	938,1,0,0,0,0,0,prt_fild05
04/04/2021 23:58:26 - 150002	P	938,1,0,0,0,0,0,prt_fild05
04/04/2021 23:58:27 - 150002	P	935,1,0,0,0,0,0,prt_fild05
04/04/2021 23:58:41 - 1002	M	909,-1,prt_fild05
04/04/2021 23:58:41 - 1002	M	1202,-1,prt_fild05
04/04/2021 23:58:41 - 1002	M	938,-1,prt_fild05
04/04/2021 23:58:41 - 1002	M	512,-1,prt_fild05
04/04/2021 23:58:41 - 1002	M	713,-1,prt_fild05
04/04/2021 23:58:41 - 1002	M	512,-1,prt_fild05
04/04/2021 23:58:41 - 1002	M	619,-1,prt_fild05
04/04/2021 23:58:43 - 150002	P	512,1,0,0,0,0,0,prt_fild05
04/04/2021 23:58:43 - 150002	P	512,1,0,0,0,0,0,prt_fild05
04/04/2021 23:59:18 - 1002	M	909,-1,prt_fild05
04/04/2021 23:59:18 - 1002	M	1202,-1,prt_fild05
04/04/2021 23:59:18 - 1002	M	938,-1,prt_fild05
04/04/2021 23:59:18 - 1002	M	512,-1,prt_fild05
04/04/2021 23:59:18 - 1002	M	713,-1,prt_fild05
04/04/2021 23:59:18 - 1002	M	512,-1,prt_fild05
04/04/2021 23:59:19 - 150002	P	1202,1,0,0,0,0,0,prt_fild05
04/04/2021 23:59:20 - 150002	P	512,1,0,0,0,0,0,prt_fild05
04/04/2021 23:59:21 - 1002	L	909,1,0,0,0,0,0,prt_fild05
04/04/2021 23:59:22 - 1002	L	938,1,0,0,0,0,0,prt_fild05
04/04/2021 23:59:22 - 1002	L	713,1,0,0,0,0,0,prt_fild05
04/04/2021 23:59:23 - 1002	L	512,1,0,0,0,0,0,prt_fild05
04/04/2021 23:59:27 - 1002	M	909,-1,prt_fild05
04/04/2021 23:59:27 - 1002	M	938,-1,prt_fild05
04/04/2021 23:59:27 - 1002	M	512,-1,prt_fild05
04/04/2021 23:59:27 - 1002	M	713,-1,prt_fild05
04/04/2021 23:59:27 - 1002	M	512,-1,prt_fild05
04/04/2021 23:59:27 - 1002	M	619,-1,prt_fild05
04/04/2021 23:59:27 - 1002	L	909,-1,0,0,0,0,0,prt_fild05
04/04/2021 23:59:27 - 1002	L	938,-1,0,0,0,0,0,prt_fild05
04/04/2021 23:59:27 - 1002	L	713,-1,0,0,0,0,0,prt_fild05
04/04/2021 23:59:27 - 1002	L	512,-1,0,0,0,0,0,prt_fild05
04/04/2021 23:59:28 - 150002	P	938,1,0,0,0,0,0,prt_fild05
04/04/2021 23:59:29 - 150002	P	713,1,0,0,0,0,0,prt_fild05
04/04/2021 23:59:32 - 150002	P	619,1,0,0,0,0,0,prt_fild05
04/04/2021 23:59:32 - 150002	P	512,1,0,0,0,0,0,prt_fild05
04/04/2021 23:59:33 - 150002	P	938,1,0,0,0,0,0,prt_fild05
04/04/2021 23:59:35 - 150002	P	512,1,0,0,0,0,0,prt_fild05
04/05/2021 00:00:28 - 1008	M	915,-1,prt_fild05
04/05/2021 00:00:28 - 1008	M	938,-1,prt_fild05
04/05/2021 00:00:28 - 1008	M	935,-1,prt_fild05
04/05/2021 00:00:28 - 1008	M	938,-1,prt_fild05
04/05/2021 00:00:28 - 1008	M	1002,-1,prt_fild05
04/05/2021 00:01:00 - 1008	M	915,-1,prt_fild05
04/05/2021 00:01:00 - 1008	M	938,-1,prt_fild05
04/05/2021 00:01:00 - 1008	M	935,-1,prt_fild05
04/05/2021 00:01:00 - 1008	M	938,-1,prt_fild05
04/05/2021 00:01:00 - 1008	M	1002,-1,prt_fild05
04/05/2021 00:01:12 - 1063	M	705,-1,prt_fild05
04/05/2021 00:01:12 - 1063	M	949,-1,prt_fild05
04/05/2021 00:01:12 - 1063	M	512,-1,prt_fild05
04/05/2021 00:01:12 - 1063	M	507,-1,prt_fild05
04/05/2021 00:01:12 - 1063	M	515,-1,prt_fild05
04/05/2021 00:01:12 - 1063	M	622,-1,prt_fild05
04/05/2021 00:01:40 - 1008	M	1010,-1,prt_fild05
04/05/2021 00:01:40 - 1008	M	915,-1,prt_fild05
04/05/2021 00:01:40 - 1008	M	938,-1,prt_fild05
04/05/2021 00:01:40 - 1008	M	935,-1,prt_fild05
04/05/2021 00:01:40 - 1008	M	938,-1,prt_fild05
04/05/2021 00:01:40 - 1008	M	1002,-1,prt_fild05
04/05/2021 00:01:53 - 1063	M	705,-1,prt_fild05
04/05/2021 00:01:53 - 1063	M	949,-1,prt_fild05
04/05/2021 00:01:53 - 1063	M	512,-1,prt_fild05
04/05/2021 00:01:53 - 1063	M	507,-1,prt_fild05
04/05/2021 00:01:53 - 1063	M	515,-1,prt_fild05
04/05/2021 00:01:58 - 1002	M	909,-1,prt_fild05
04/05/2021 00:01:58 - 1002	M	1202,-1,prt_fild05
04/05/2021 00:01:58 - 1002	M	938,-1,prt_fild05
04/05/2021 00:01:58 - 1002	M	512,-1,prt_fild05
04/05/2021 00:01:58 - 1002	M	713,-1,prt_fild05
04/05/2021 00:01:58 - 1002	M	512,-1,prt_fild05
04/05/2021 00:02:11 - 1063	M	705,-1,prt_fild05
04/05/2021 00:02:11 - 1063	M	949,-1,prt_fild05
04/05/2021 00:02:11 - 1063	M	512,-1,prt_fild05
04/05/2021 00:02:11 - 1063	M	507,-1,prt_fild05
04/05/2021 00:02:11 - 1063	M	515,-1,prt_fild05
04/05/2021 00:02:12 - 1002	L	705,1,0,0,0,0,0,prt_fild05
04/05/2021 00:02:12 - 1002	L	515,1,0,0,0,0,0,prt_fild05
04/05/2021 00:02:13 - 1002	L	949,1,0,0,0,0,0,prt_fild05
04/05/2021 00:02:13 - 1002	L	512,1,0,0,0,0,0,prt_fild05
04/05/2021 00:02:14 - 1002	L	507,1,0,0,0,0,0,prt_fild05
04/05/2021 00:02:15 - 1002	M	909,-1,prt_fild05
04/05/2021 00:02:15 - 1002	M	938,-1,prt_fild05
04/05/2021 00:02:15 - 1002	M	512,-1,prt_fild05
04/05/2021 00:02:15 - 1002	M	713,-1,prt_fild05
04/05/2021 00:02:15 - 1002	M	512,-1,prt_fild05
04/05/2021 00:02:15 - 1002	L	705,-1,0,0,0,0,0,prt_fild05
04/05/2021 00:02:15 - 1002	L	515,-1,0,0,0,0,0,prt_fild05
04/05/2021 00:02:15 - 1002	L	949,-1,0,0,0,0,0,prt_fild05
04/05/2021 00:02:15 - 1002	L	512,-1,0,0,0,0,0,prt_fild05
04/05/2021 00:02:15 - 1002	L	507,-1,0,0,0,0,0,prt_fild05
04/05/2021 00:02:31 - 1002	L	935,1,0,0,0,0,0,prt_fild05
04/05/2021 00:02:31 - 1002	L	938,1,0,0,0,0,0,prt_fild05
04/05/2021 00:02:31 - 1002	L	1002,1,0,0,0,0,0,prt_fild05
04/05/2021 00:02:32 - 1002	L	915,1,0,0,0,0,0,prt_fild05
04/05/2021 00:02:32 - 1002	L	938,1,0,0,0,0,0,prt_fild05
04/05/2021 00:02:44 - 1051	M	955,-1,prt_fild05
04/05/2021 00:02:44 - 1051	M	2304,-1,prt_fild05
04/05/2021 00:02:44 - 1051	M	507,-1,prt_fild05
04/05/2021 00:02:44 - 1051	M	909,-1,prt_fild05
04/05/2021 00:02:44 - 1051	M	2303,-1,prt_fild05
04/05/2021 00:02:44 - 1051	M	1002,-1,prt_fild05
04/05/2021 00:02:48 - 150002	P	507,1,0,0,0,0,0,prt_fild05
04/05/2021 00:02:49 - 150002	P	2304,1,0,0,0,0,0,prt_fild05
04/05/2021 00:03:19 - 1008	M	1010,-1,prt_fild05
04/05/2021 00:03:19 - 1008	M	915,-1,prt_fild05
04/05/2021 00:03:19 - 1008	M	938,-1,prt_fild05
04/05/2021 00:03:19 - 1008	M	935,-1,prt_fild05
04/05/2021 00:03:19 - 1008	M	938,-1,prt_fild05
04/05/2021 00:03:19 - 1008	M	1002,-1,prt_fild05
04/05/2021 00:07:26 - 1097	M	1010,-1,anthell01
04/05/2021 00:07:26 - 1097	M	935,-1,anthell01
04/05/2021 00:07:26 - 1097	M	909,-1,anthell01
04/05/2021 00:07:26 - 1097	M	938,-1,anthell01
04/05/2021 00:07:26 - 1097	M	713,-1,anthell01
04/05/2021 00:07:26 - 1097	M	1002,-1,anthell01
04/05/2021 00:07:27 - 1095	L	935,1,0,0,0,0,0,anthell01
04/05/2021 00:07:27 - 1095	L	909,1,0,0,0,0,0,anthell01
04/05/2021 00:07:27 - 1095	L	1002,1,0,0,0,0,0,anthell01
04/05/2021 00:07:28 - 1095	L	1010,1,0,0,0,0,0,anthell01
04/05/2021 00:07:28 - 1095	L	938,1,0,0,0,0,0,anthell01
04/05/2021 00:07:28 - 1095	L	713,1,0,0,0,0,0,anthell01
04/05/2021 00:10:23 - 150000	A	18200,1,geffen_in
04/05/2021 00:10:28 - 150000	A	18201,1,geffen_in
04/05/2021 00:10:30 - 150000	A	18202,1,geffen_in
04/05/2021 00:10:56 - 150000	A	18203,1,geffen_in
04/05/2021 00:10:59 - 150000	A	18204,1,geffen_in
04/05/2021 00:11:00 - 150000	A	18205,1,geffen_in
04/05/2021 02:09:36 - 150000	P	18201,-1,0,0,0,0,0,geffen
04/05/2021 02:09:38 - 150000	P	18201,1,0,0,0,0,0,geffen
04/05/2021 02:09:42 - 150000	P	18203,-1,0,0,0,0,0,geffen
04/05/2021 02:09:43 - 150000	P	18203,1,0,0,0,0,0,geffen
04/05/2021 02:11:26 - 150000	A	18201,1,geffen
04/05/2021 02:17:48 - 150000	P	18200,-1,0,0,0,0,0,geffen
04/05/2021 02:17:51 - 150000	P	18201,-1,0,0,0,0,0,geffen
04/05/2021 02:17:53 - 150000	P	18204,-1,0,0,0,0,0,geffen
04/05/2021 02:17:55 - 150000	P	18201,-1,0,0,0,0,0,geffen
04/05/2021 02:17:57 - 150000	P	18202,-1,0,0,0,0,0,geffen
04/05/2021 02:18:01 - 150000	P	18203,-1,0,0,0,0,0,geffen
04/05/2021 02:18:03 - 150000	P	18201,1,0,0,0,0,0,geffen
04/05/2021 02:18:04 - 150000	P	18204,1,0,0,0,0,0,geffen
04/05/2021 02:18:05 - 150000	P	18203,1,0,0,0,0,0,geffen
04/05/2021 02:18:06 - 150000	P	18201,1,0,0,0,0,0,geffen
04/05/2021 02:18:07 - 150000	P	18200,1,0,0,0,0,0,geffen
04/05/2021 02:18:07 - 150000	P	18202,1,0,0,0,0,0,geffen
04/05/2021 09:49:12 - 150000	P	18200,-1,0,0,0,0,0,geffen
04/05/2021 09:49:13 - 150000	P	18200,1,0,0,0,0,0,geffen
04/05/2021 09:50:49 - 150000	A	18206,1,geffen
04/05/2021 09:58:01 - 150000	A	18206,1,geffen
04/05/2021 09:58:28 - 150000	P	18200,-1,0,0,0,0,0,geffen
04/05/2021 09:58:31 - 150000	P	18206,-1,0,0,0,0,0,geffen
04/05/2021 09:58:34 - 150000	P	18206,1,0,0,0,0,0,geffen
04/05/2021 09:58:36 - 150000	P	18200,1,0,0,0,0,0,geffen
04/05/2021 09:58:48 - 150000	A	18200,1,geffen
04/05/2021 10:10:51 - 150000	A	18202,1,geffen
04/05/2021 10:10:53 - 150000	A	1820,1,geffen
04/05/2021 10:11:03 - 150000	A	18202,1,geffen
04/05/2021 10:11:40 - 150000	A	18203,1,geffen
04/05/2021 10:11:43 - 150000	A	18204,1,geffen
04/05/2021 10:11:45 - 150000	A	18205,1,geffen
04/05/2021 10:11:47 - 150000	A	18206,1,geffen
04/05/2021 10:11:49 - 150000	A	18207,1,geffen
04/05/2021 10:16:49 - 150000	A	18203,1,geffen
04/05/2021 10:16:51 - 150000	A	18204,1,geffen
04/05/2021 10:16:53 - 150000	A	18205,1,geffen
04/05/2021 10:16:54 - 150000	A	18206,1,geffen
04/05/2021 10:16:56 - 150000	A	18207,1,geffen
04/05/2021 10:16:58 - 150000	A	18208,1,geffen
04/05/2021 10:17:05 - 150000	A	18209,1,geffen
04/05/2021 10:20:27 - 150000	A	18206,1,geffen
04/05/2021 10:20:29 - 150000	A	18207,1,geffen
04/05/2021 10:20:31 - 150000	A	18208,1,geffen
04/05/2021 10:23:14 - 150000	A	18200,1,geffen
04/05/2021 10:24:24 - 150000	A	18200,1,geffen
04/05/2021 10:25:30 - 150000	A	25200,1,geffen
04/05/2021 10:30:57 - 150000	A	25200,1,geffen
04/05/2021 11:19:46 - 150000	P	25200,-1,0,0,0,0,0,geffen
04/05/2021 11:19:48 - 150000	P	25200,-1,0,0,0,0,0,geffen
04/05/2021 11:19:49 - 150000	P	18201,-1,0,0,0,0,0,geffen
04/05/2021 11:19:51 - 150000	P	18204,-1,0,0,0,0,0,geffen
04/05/2021 11:19:53 - 150000	P	18203,-1,0,0,0,0,0,geffen
04/05/2021 11:19:55 - 150000	P	18202,-1,0,0,0,0,0,geffen
04/05/2021 11:20:03 - 150000	P	18201,-1,0,0,0,0,0,geffen
04/05/2021 11:20:08 - 150000	P	18207,-1,0,0,0,0,0,geffen
04/05/2021 11:20:10 - 150000	P	18206,-1,0,0,0,0,0,geffen
04/05/2021 11:20:12 - 150000	P	18208,-1,0,0,0,0,0,geffen
04/05/2021 11:20:15 - 150000	P	18206,-1,0,0,0,0,0,geffen
04/05/2021 11:20:17 - 150000	P	18205,-1,0,0,0,0,0,geffen
04/05/2021 11:20:25 - 150000	A	25200,1,geffen
04/05/2021 11:20:47 - 1002	L	18208,1,0,0,0,0,0,geffen
04/05/2021 11:20:48 - 1002	L	18207,1,0,0,0,0,0,geffen
04/05/2021 11:20:48 - 1002	L	18201,1,0,0,0,0,0,geffen
04/05/2021 11:20:48 - 1002	L	18205,1,0,0,0,0,0,geffen
04/05/2021 11:20:48 - 1002	L	18202,1,0,0,0,0,0,geffen
04/05/2021 11:20:48 - 1002	L	18206,1,0,0,0,0,0,geffen
04/05/2021 11:20:49 - 1002	L	18206,1,0,0,0,0,0,geffen
04/05/2021 11:20:49 - 1002	L	18203,1,0,0,0,0,0,geffen
04/05/2021 11:20:49 - 1002	L	18204,1,0,0,0,0,0,geffen
04/05/2021 11:20:49 - 1002	L	18201,1,0,0,0,0,0,geffen
04/05/2021 11:23:41 - 1002	M	909,-1,geffen
04/05/2021 11:23:41 - 1002	M	1202,-1,geffen
04/05/2021 11:23:41 - 1002	M	938,-1,geffen
04/05/2021 11:23:41 - 1002	M	512,-1,geffen
04/05/2021 11:23:41 - 1002	M	713,-1,geffen
04/05/2021 11:23:41 - 1002	M	512,-1,geffen
04/05/2021 11:23:41 - 1002	M	619,-1,geffen
04/05/2021 11:23:43 - 1002	L	938,1,0,0,0,0,0,geffen
04/05/2021 11:23:44 - 1002	L	512,1,0,0,0,0,0,geffen
04/05/2021 11:23:44 - 1002	L	512,1,0,0,0,0,0,geffen
04/05/2021 11:23:44 - 1002	L	1202,1,0,0,0,0,0,geffen
04/05/2021 11:23:44 - 1002	L	713,1,0,0,0,0,0,geffen
04/05/2021 11:23:45 - 1002	L	619,1,0,0,0,0,0,geffen
04/05/2021 11:23:45 - 1002	L	909,1,0,0,0,0,0,geffen
04/05/2021 11:24:04 - 1002	M	909,-1,geffen
04/05/2021 11:24:04 - 1002	M	1202,-1,geffen
04/05/2021 11:24:04 - 1002	M	938,-1,geffen
04/05/2021 11:24:04 - 1002	M	512,-1,geffen
04/05/2021 11:24:04 - 1002	M	713,-1,geffen
04/05/2021 11:24:04 - 1002	M	512,-1,geffen
04/05/2021 11:24:05 - 1002	L	1202,1,0,0,0,0,0,geffen
04/05/2021 11:24:05 - 1002	L	512,1,0,0,0,0,0,geffen
04/05/2021 11:24:06 - 1002	L	909,1,0,0,0,0,0,geffen
04/05/2021 11:24:06 - 1002	L	938,1,0,0,0,0,0,geffen
04/05/2021 11:24:07 - 1002	L	512,1,0,0,0,0,0,geffen
04/05/2021 11:24:07 - 1002	L	713,1,0,0,0,0,0,geffen
04/05/2021 11:24:16 - 1002	M	909,-1,geffen
04/05/2021 11:24:16 - 1002	M	1202,-1,geffen
04/05/2021 11:24:16 - 1002	M	938,-1,geffen
04/05/2021 11:24:16 - 1002	M	512,-1,geffen
04/05/2021 11:24:16 - 1002	M	713,-1,geffen
04/05/2021 11:24:16 - 1002	M	512,-1,geffen
04/05/2021 11:24:16 - 1002	L	1202,-1,0,0,0,0,0,geffen
04/05/2021 11:24:16 - 1002	L	512,-1,0,0,0,0,0,geffen
04/05/2021 11:24:16 - 1002	L	909,-1,0,0,0,0,0,geffen
04/05/2021 11:24:16 - 1002	L	938,-1,0,0,0,0,0,geffen
04/05/2021 11:24:16 - 1002	L	512,-1,0,0,0,0,0,geffen
04/05/2021 11:24:16 - 1002	L	713,-1,0,0,0,0,0,geffen
04/05/2021 11:24:19 - 1002	L	1202,1,0,0,0,0,0,geffen
04/05/2021 11:24:19 - 1002	L	512,1,0,0,0,0,0,geffen
04/05/2021 11:24:19 - 1002	L	1202,1,0,0,0,0,0,geffen
04/05/2021 11:24:20 - 1002	L	909,1,0,0,0,0,0,geffen
04/05/2021 11:24:20 - 1002	L	713,1,0,0,0,0,0,geffen
04/05/2021 11:24:20 - 1002	L	512,1,0,0,0,0,0,geffen
04/05/2021 11:24:20 - 1002	L	938,1,0,0,0,0,0,geffen
04/05/2021 11:24:20 - 1002	L	512,1,0,0,0,0,0,geffen
04/05/2021 11:24:20 - 1002	L	909,1,0,0,0,0,0,geffen
04/05/2021 11:24:20 - 1002	L	512,1,0,0,0,0,0,geffen
04/05/2021 11:24:20 - 1002	L	713,1,0,0,0,0,0,geffen
04/05/2021 11:24:20 - 1002	L	938,1,0,0,0,0,0,geffen
04/05/2021 11:24:25 - 1002	M	909,-1,geffen
04/05/2021 11:24:25 - 1002	M	1202,-1,geffen
04/05/2021 11:24:25 - 1002	M	938,-1,geffen
04/05/2021 11:24:25 - 1002	M	512,-1,geffen
04/05/2021 11:24:25 - 1002	M	713,-1,geffen
04/05/2021 11:24:25 - 1002	M	512,-1,geffen
04/05/2021 11:24:25 - 1002	L	938,-1,0,0,0,0,0,geffen
04/05/2021 11:24:25 - 1002	L	909,-1,0,0,0,0,0,geffen
04/05/2021 11:24:25 - 1002	L	713,-1,0,0,0,0,0,geffen
04/05/2021 11:24:26 - 1002	L	512,1,0,0,0,0,0,geffen
04/05/2021 11:24:26 - 1002	L	938,1,0,0,0,0,0,geffen
04/05/2021 11:24:27 - 1002	L	1202,1,0,0,0,0,0,geffen
04/05/2021 11:24:27 - 1002	L	512,1,0,0,0,0,0,geffen
04/05/2021 11:24:27 - 1002	L	713,1,0,0,0,0,0,geffen
04/05/2021 11:24:27 - 1002	L	909,1,0,0,0,0,0,geffen
04/05/2021 11:24:28 - 1002	L	713,1,0,0,0,0,0,geffen
04/05/2021 11:24:28 - 1002	L	909,1,0,0,0,0,0,geffen
04/05/2021 11:24:28 - 1002	L	938,1,0,0,0,0,0,geffen
04/05/2021 11:24:37 - 1002	M	909,-1,geffen
04/05/2021 11:24:37 - 1002	M	938,-1,geffen
04/05/2021 11:24:37 - 1002	M	512,-1,geffen
04/05/2021 11:24:37 - 1002	M	713,-1,geffen
04/05/2021 11:24:37 - 1002	M	512,-1,geffen
04/05/2021 11:24:37 - 1002	M	4001,-1,geffen
04/05/2021 11:24:37 - 1002	L	18201,-1,0,0,0,0,0,geffen
04/05/2021 11:24:37 - 1002	L	18202,-1,0,0,0,0,0,geffen
04/05/2021 11:24:37 - 1002	L	18203,-1,0,0,0,0,0,geffen
04/05/2021 11:24:37 - 1002	L	18204,-1,0,0,0,0,0,geffen
04/05/2021 11:24:37 - 1002	L	18201,-1,0,0,0,0,0,geffen
04/05/2021 11:24:37 - 1002	L	1202,-1,0,0,0,0,0,geffen
04/05/2021 11:24:37 - 1002	L	512,-1,0,0,0,0,0,geffen
04/05/2021 11:24:37 - 1002	L	1202,-1,0,0,0,0,0,geffen
04/05/2021 11:24:37 - 1002	L	512,-1,0,0,0,0,0,geffen
04/05/2021 11:24:37 - 1002	L	512,-1,0,0,0,0,0,geffen
04/05/2021 11:24:37 - 1002	L	938,1,0,0,0,0,0,geffen
04/05/2021 11:24:37 - 1002	L	4001,1,0,0,0,0,0,geffen
04/05/2021 11:24:37 - 1002	L	18201,1,0,0,0,0,0,geffen
04/05/2021 11:24:37 - 1002	L	18204,1,0,0,0,0,0,geffen
04/05/2021 11:24:37 - 1002	L	1202,1,0,0,0,0,0,geffen
04/05/2021 11:24:38 - 1002	L	512,1,0,0,0,0,0,geffen
04/05/2021 11:24:38 - 1002	L	713,1,0,0,0,0,0,geffen
04/05/2021 11:24:38 - 1002	L	512,1,0,0,0,0,0,geffen
04/05/2021 11:24:39 - 1002	L	18202,1,0,0,0,0,0,geffen
04/05/2021 11:24:39 - 1002	L	512,1,0,0,0,0,0,geffen
04/05/2021 11:24:39 - 1002	L	512,1,0,0,0,0,0,geffen
04/05/2021 11:24:39 - 1002	L	909,1,0,0,0,0,0,geffen
04/05/2021 11:24:39 - 1002	L	18203,1,0,0,0,0,0,geffen
04/05/2021 11:24:39 - 1002	L	18201,1,0,0,0,0,0,geffen
04/05/2021 11:24:40 - 1002	L	1202,1,0,0,0,0,0,geffen
04/05/2021 11:24:40 - 1002	L	512,1,0,0,0,0,0,geffen
04/05/2021 11:24:49 - 1002	M	909,-1,geffen
04/05/2021 11:24:49 - 1002	M	1202,-1,geffen
04/05/2021 11:24:49 - 1002	M	938,-1,geffen
04/05/2021 11:24:49 - 1002	M	512,-1,geffen
04/05/2021 11:24:49 - 1002	M	713,-1,geffen
04/05/2021 11:24:49 - 1002	M	512,-1,geffen
04/05/2021 11:24:49 - 1002	M	619,-1,geffen
04/05/2021 11:24:49 - 1002	L	512,-1,0,0,0,0,0,geffen
04/05/2021 11:24:49 - 1002	L	512,-1,0,0,0,0,0,geffen
04/05/2021 11:24:49 - 1002	L	938,-1,0,0,0,0,0,geffen
04/05/2021 11:24:49 - 1002	L	1202,-1,0,0,0,0,0,geffen
04/05/2021 11:24:49 - 1002	L	512,-1,0,0,0,0,0,geffen
04/05/2021 11:24:49 - 1002	L	713,-1,0,0,0,0,0,geffen
04/05/2021 11:24:49 - 1002	L	909,-1,0,0,0,0,0,geffen
04/05/2021 11:24:49 - 1002	L	713,-1,0,0,0,0,0,geffen
04/05/2021 11:24:49 - 1002	L	909,-1,0,0,0,0,0,geffen
04/05/2021 11:24:49 - 1002	L	938,-1,0,0,0,0,0,geffen
04/05/2021 11:24:51 - 1002	L	938,1,0,0,0,0,0,geffen
04/05/2021 11:24:51 - 1002	L	713,1,0,0,0,0,0,geffen
04/05/2021 11:24:51 - 1002	L	909,1,0,0,0,0,0,geffen
04/05/2021 11:24:52 - 1002	L	1202,1,0,0,0,0,0,geffen
04/05/2021 11:24:52 - 1002	L	713,1,0,0,0,0,0,geffen
04/05/2021 11:24:52 - 1002	L	512,1,0,0,0,0,0,geffen
04/05/2021 11:24:53 - 1002	L	713,1,0,0,0,0,0,geffen
04/05/2021 11:24:53 - 1002	L	512,1,0,0,0,0,0,geffen
04/05/2021 11:24:53 - 1002	L	1202,1,0,0,0,0,0,geffen
04/05/2021 11:24:53 - 1002	L	909,1,0,0,0,0,0,geffen
04/05/2021 11:24:53 - 1002	L	909,1,0,0,0,0,0,geffen
04/05/2021 11:24:53 - 1002	L	938,1,0,0,0,0,0,geffen
04/05/2021 11:24:53 - 1002	L	512,1,0,0,0,0,0,geffen
04/05/2021 11:24:53 - 1002	L	512,1,0,0,0,0,0,geffen
04/05/2021 11:24:53 - 1002	L	619,1,0,0,0,0,0,geffen
04/05/2021 11:24:53 - 1002	L	512,1,0,0,0,0,0,geffen
04/05/2021 11:24:54 - 1002	L	938,1,0,0,0,0,0,geffen
04/05/2021 11:26:44 - 1002	M	909,-1,geffen
04/05/2021 11:26:44 - 1002	M	1202,-1,geffen
04/05/2021 11:26:44 - 1002	M	938,-1,geffen
04/05/2021 11:26:44 - 1002	M	512,-1,geffen
04/05/2021 11:26:44 - 1002	M	713,-1,geffen
04/05/2021 11:26:44 - 1002	M	512,-1,geffen
04/05/2021 11:26:44 - 1002	L	713,-1,0,0,0,0,0,geffen
04/05/2021 11:26:44 - 1002	L	512,-1,0,0,0,0,0,geffen
04/05/2021 11:26:44 - 1002	L	18202,-1,0,0,0,0,0,geffen
04/05/2021 11:26:44 - 1002	L	512,-1,0,0,0,0,0,geffen
04/05/2021 11:26:44 - 1002	L	512,-1,0,0,0,0,0,geffen
04/05/2021 11:26:44 - 1002	L	909,-1,0,0,0,0,0,geffen
04/05/2021 11:26:44 - 1002	L	18203,-1,0,0,0,0,0,geffen
04/05/2021 11:26:44 - 1002	L	18201,-1,0,0,0,0,0,geffen
04/05/2021 11:26:44 - 1002	L	1202,-1,0,0,0,0,0,geffen
04/05/2021 11:26:44 - 1002	L	512,-1,0,0,0,0,0,geffen
04/05/2021 11:26:58 - 1002	M	909,-1,geffen
04/05/2021 11:26:58 - 1002	M	1202,-1,geffen
04/05/2021 11:26:58 - 1002	M	938,-1,geffen
04/05/2021 11:26:58 - 1002	M	512,-1,geffen
04/05/2021 11:26:58 - 1002	M	713,-1,geffen
04/05/2021 11:26:58 - 1002	M	512,-1,geffen
04/05/2021 11:27:06 - 1002	L	938,1,0,0,0,0,0,geffen
04/05/2021 11:27:07 - 1002	L	512,1,0,0,0,0,0,geffen
04/05/2021 11:27:07 - 1002	L	512,1,0,0,0,0,0,geffen
04/05/2021 11:27:07 - 1002	L	909,1,0,0,0,0,0,geffen
04/05/2021 11:27:07 - 1002	L	18203,1,0,0,0,0,0,geffen
04/05/2021 11:27:07 - 1002	L	18201,1,0,0,0,0,0,geffen
04/05/2021 11:27:07 - 1002	L	1202,1,0,0,0,0,0,geffen
04/05/2021 11:27:08 - 1002	L	909,1,0,0,0,0,0,geffen
04/05/2021 11:27:08 - 1002	L	1202,1,0,0,0,0,0,geffen
04/05/2021 11:27:08 - 1002	L	512,1,0,0,0,0,0,geffen
04/05/2021 11:27:08 - 1002	L	713,1,0,0,0,0,0,geffen
04/05/2021 11:27:08 - 1002	L	512,1,0,0,0,0,0,geffen
04/05/2021 11:27:08 - 1002	L	18202,1,0,0,0,0,0,geffen
04/05/2021 11:27:08 - 1002	L	512,1,0,0,0,0,0,geffen
04/05/2021 11:27:09 - 1002	L	713,1,0,0,0,0,0,geffen
04/05/2021 11:27:09 - 1002	L	512,1,0,0,0,0,0,geffen
04/05/2021 11:27:15 - 1002	M	909,-1,geffen
04/05/2021 11:27:15 - 1002	M	1202,-1,geffen
04/05/2021 11:27:15 - 1002	M	938,-1,geffen
04/05/2021 11:27:15 - 1002	M	512,-1,geffen
04/05/2021 11:27:15 - 1002	M	713,-1,geffen
04/05/2021 11:27:15 - 1002	M	512,-1,geffen
04/05/2021 11:27:15 - 1002	L	1202,-1,0,0,0,0,0,geffen
04/05/2021 11:27:15 - 1002	L	909,-1,0,0,0,0,0,geffen
04/05/2021 11:27:15 - 1002	L	1202,-1,0,0,0,0,0,geffen
04/05/2021 11:27:15 - 1002	L	512,-1,0,0,0,0,0,geffen
04/05/2021 11:27:15 - 1002	L	713,-1,0,0,0,0,0,geffen
04/05/2021 11:27:15 - 1002	L	512,-1,0,0,0,0,0,geffen
04/05/2021 11:27:15 - 1002	L	18202,-1,0,0,0,0,0,geffen
04/05/2021 11:27:15 - 1002	L	512,-1,0,0,0,0,0,geffen
04/05/2021 11:27:15 - 1002	L	713,-1,0,0,0,0,0,geffen
04/05/2021 11:27:15 - 1002	L	512,-1,0,0,0,0,0,geffen
04/05/2021 11:27:37 - 1002	M	909,-1,geffen
04/05/2021 11:27:37 - 1002	M	1202,-1,geffen
04/05/2021 11:27:37 - 1002	M	938,-1,geffen
04/05/2021 11:27:37 - 1002	M	512,-1,geffen
04/05/2021 11:27:37 - 1002	M	713,-1,geffen
04/05/2021 11:27:37 - 1002	M	512,-1,geffen
04/05/2021 11:27:37 - 1002	L	938,-1,0,0,0,0,0,geffen
04/05/2021 11:27:37 - 1002	L	512,-1,0,0,0,0,0,geffen
04/05/2021 11:27:37 - 1002	L	512,-1,0,0,0,0,0,geffen
04/05/2021 11:27:37 - 1002	L	1202,-1,0,0,0,0,0,geffen
04/05/2021 11:27:37 - 1002	L	713,-1,0,0,0,0,0,geffen
04/05/2021 11:27:37 - 1002	L	619,-1,0,0,0,0,0,geffen
04/05/2021 11:27:37 - 1002	L	909,-1,0,0,0,0,0,geffen
04/05/2021 11:27:37 - 1002	L	1202,1,0,0,0,0,0,geffen
04/05/2021 11:27:38 - 1002	L	512,1,0,0,0,0,0,geffen
04/05/2021 11:27:38 - 1002	L	1202,1,0,0,0,0,0,geffen
04/05/2021 11:27:38 - 1002	L	619,1,0,0,0,0,0,geffen
04/05/2021 11:27:38 - 1002	L	938,1,0,0,0,0,0,geffen
04/05/2021 11:27:38 - 1002	L	713,1,0,0,0,0,0,geffen
04/05/2021 11:27:43 - 1002	L	909,1,0,0,0,0,0,geffen
04/05/2021 11:27:43 - 1002	L	512,1,0,0,0,0,0,geffen
04/05/2021 11:27:44 - 1002	L	512,1,0,0,0,0,0,geffen
04/05/2021 11:27:44 - 1002	M	909,-1,geffen
04/05/2021 11:27:44 - 1002	M	1202,-1,geffen
04/05/2021 11:27:44 - 1002	M	938,-1,geffen
04/05/2021 11:27:44 - 1002	M	512,-1,geffen
04/05/2021 11:27:44 - 1002	M	713,-1,geffen
04/05/2021 11:27:44 - 1002	M	512,-1,geffen
04/05/2021 11:27:44 - 1002	L	1202,-1,0,0,0,0,0,geffen
04/05/2021 11:27:44 - 1002	L	512,-1,0,0,0,0,0,geffen
04/05/2021 11:27:44 - 1002	L	1202,-1,0,0,0,0,0,geffen
04/05/2021 11:27:44 - 1002	L	619,-1,0,0,0,0,0,geffen
04/05/2021 11:27:44 - 1002	L	938,-1,0,0,0,0,0,geffen
04/05/2021 11:27:44 - 1002	L	713,-1,0,0,0,0,0,geffen
04/05/2021 11:27:44 - 1002	L	909,1,0,0,0,0,0,geffen
04/05/2021 11:27:44 - 1002	L	512,1,0,0,0,0,0,geffen
04/05/2021 11:27:44 - 1002	L	938,1,0,0,0,0,0,geffen
04/05/2021 11:27:44 - 1002	L	938,1,0,0,0,0,0,geffen
04/05/2021 11:27:44 - 1002	L	512,1,0,0,0,0,0,geffen
04/05/2021 11:27:45 - 1002	L	512,1,0,0,0,0,0,geffen
04/05/2021 11:27:47 - 1002	M	909,-1,geffen
04/05/2021 11:27:47 - 1002	M	938,-1,geffen
04/05/2021 11:27:47 - 1002	M	512,-1,geffen
04/05/2021 11:27:47 - 1002	M	713,-1,geffen
04/05/2021 11:27:47 - 1002	M	512,-1,geffen
04/05/2021 11:27:47 - 1002	L	909,-1,0,0,0,0,0,geffen
04/05/2021 11:27:47 - 1002	L	512,-1,0,0,0,0,0,geffen
04/05/2021 11:27:47 - 1002	L	512,-1,0,0,0,0,0,geffen
04/05/2021 11:27:47 - 1002	L	909,-1,0,0,0,0,0,geffen
04/05/2021 11:27:47 - 1002	L	512,-1,0,0,0,0,0,geffen
04/05/2021 11:27:47 - 1002	L	938,-1,0,0,0,0,0,geffen
04/05/2021 11:27:47 - 1002	L	938,-1,0,0,0,0,0,geffen
04/05/2021 11:27:47 - 1002	L	512,-1,0,0,0,0,0,geffen
04/05/2021 11:27:47 - 1002	L	512,-1,0,0,0,0,0,geffen
04/05/2021 11:27:49 - 1002	L	1202,1,0,0,0,0,0,geffen
04/05/2021 11:27:49 - 1002	L	938,1,0,0,0,0,0,geffen
04/05/2021 11:27:49 - 1002	L	512,1,0,0,0,0,0,geffen
04/05/2021 11:27:50 - 1002	L	713,1,0,0,0,0,0,geffen
04/05/2021 11:27:50 - 1002	L	1202,1,0,0,0,0,0,geffen
04/05/2021 11:27:50 - 1002	L	713,1,0,0,0,0,0,geffen
04/05/2021 11:27:50 - 1002	L	938,1,0,0,0,0,0,geffen
04/05/2021 11:27:51 - 1002	L	909,1,0,0,0,0,0,geffen
04/05/2021 11:27:51 - 1002	L	1202,1,0,0,0,0,0,geffen
04/05/2021 11:27:51 - 1002	L	619,1,0,0,0,0,0,geffen
04/05/2021 11:27:51 - 1002	L	713,1,0,0,0,0,0,geffen
04/05/2021 11:27:51 - 1002	L	909,1,0,0,0,0,0,geffen
04/05/2021 11:27:54 - 1002	L	713,1,0,0,0,0,0,geffen
04/05/2021 11:27:54 - 1002	L	909,1,0,0,0,0,0,geffen
04/05/2021 11:27:54 - 1002	L	909,1,0,0,0,0,0,geffen
04/05/2021 11:27:54 - 1002	L	512,1,0,0,0,0,0,geffen
04/05/2021 11:27:54 - 1002	L	512,1,0,0,0,0,0,geffen
04/05/2021 11:27:54 - 1002	L	512,1,0,0,0,0,0,geffen
04/05/2021 11:27:55 - 1002	L	512,1,0,0,0,0,0,geffen
04/05/2021 11:27:55 - 1002	L	938,1,0,0,0,0,0,geffen
04/05/2021 11:27:55 - 1002	L	938,1,0,0,0,0,0,geffen
04/05/2021 11:27:55 - 1002	L	512,1,0,0,0,0,0,geffen
04/05/2021 11:27:56 - 1002	L	512,1,0,0,0,0,0,geffen
04/05/2021 11:27:56 - 1002	L	512,1,0,0,0,0,0,geffen
04/05/2021 11:27:56 - 1002	M	909,-1,geffen
04/05/2021 11:27:56 - 1002	M	1202,-1,geffen
04/05/2021 11:27:56 - 1002	M	938,-1,geffen
04/05/2021 11:27:56 - 1002	M	512,-1,geffen
04/05/2021 11:27:57 - 1002	M	713,-1,geffen
04/05/2021 11:27:57 - 1002	M	512,-1,geffen
04/05/2021 11:27:57 - 1002	M	619,-1,geffen
04/05/2021 11:27:57 - 1002	L	512,-1,0,0,0,0,0,geffen
04/05/2021 11:27:57 - 1002	L	713,-1,0,0,0,0,0,geffen
04/05/2021 11:27:57 - 1002	L	1202,-1,0,0,0,0,0,geffen
04/05/2021 11:27:57 - 1002	L	713,-1,0,0,0,0,0,geffen
04/05/2021 11:27:57 - 1002	L	938,-1,0,0,0,0,0,geffen
04/05/2021 11:27:57 - 1002	L	909,-1,0,0,0,0,0,geffen
04/05/2021 11:27:57 - 1002	L	1202,-1,0,0,0,0,0,geffen
04/05/2021 11:27:57 - 1002	L	619,-1,0,0,0,0,0,geffen
04/05/2021 11:27:57 - 1002	L	713,-1,0,0,0,0,0,geffen
04/05/2021 11:27:57 - 1002	L	909,-1,0,0,0,0,0,geffen
04/05/2021 11:27:57 - 1002	L	909,1,0,0,0,0,0,geffen
04/05/2021 11:27:57 - 1002	L	512,1,0,0,0,0,0,geffen
04/05/2021 11:27:57 - 1002	L	909,1,0,0,0,0,0,geffen
04/05/2021 11:27:57 - 1002	L	713,1,0,0,0,0,0,geffen
04/05/2021 11:27:57 - 1002	L	512,1,0,0,0,0,0,geffen
04/05/2021 11:27:57 - 1002	L	938,1,0,0,0,0,0,geffen
04/05/2021 11:27:57 - 1002	L	619,1,0,0,0,0,0,geffen
04/05/2021 11:27:57 - 1002	L	1202,1,0,0,0,0,0,geffen
04/05/2021 11:27:57 - 1002	L	713,1,0,0,0,0,0,geffen
04/05/2021 11:27:57 - 1002	L	619,1,0,0,0,0,0,geffen
04/05/2021 11:27:58 - 1002	L	1202,1,0,0,0,0,0,geffen
04/05/2021 11:28:03 - 1002	M	909,-1,geffen
04/05/2021 11:28:03 - 1002	M	938,-1,geffen
04/05/2021 11:28:03 - 1002	M	512,-1,geffen
04/05/2021 11:28:03 - 1002	M	713,-1,geffen
04/05/2021 11:28:03 - 1002	M	512,-1,geffen
04/05/2021 11:28:03 - 1002	L	512,-1,0,0,0,0,0,geffen
04/05/2021 11:28:03 - 1002	L	909,-1,0,0,0,0,0,geffen
04/05/2021 11:28:03 - 1002	L	713,-1,0,0,0,0,0,geffen
04/05/2021 11:28:03 - 1002	L	512,-1,0,0,0,0,0,geffen
04/05/2021 11:28:03 - 1002	L	938,-1,0,0,0,0,0,geffen
04/05/2021 11:28:03 - 1002	L	619,-1,0,0,0,0,0,geffen
04/05/2021 11:28:03 - 1002	L	1202,-1,0,0,0,0,0,geffen
04/05/2021 11:28:03 - 1002	L	713,-1,0,0,0,0,0,geffen
04/05/2021 11:28:03 - 1002	L	619,-1,0,0,0,0,0,geffen
04/05/2021 11:28:03 - 1002	L	1202,-1,0,0,0,0,0,geffen
04/05/2021 11:48:00 - 150000	P	25200,-1,0,0,0,0,0,geffen
04/05/2021 11:48:05 - 150000	P	25200,1,0,0,0,0,0,geffen
04/05/2021 11:48:31 - 150000	P	25200,-1,0,0,0,0,0,geffen
04/05/2021 11:48:57 - 1261	L	25200,1,0,0,0,0,0,geffen
04/05/2021 11:52:06 - 150000	A	30057,1,geffen
04/05/2021 12:02:32 - 150000	P	30057,-1,0,0,0,0,0,geffen
04/05/2021 12:04:36 - 150000	A	30057,1,geffen
04/05/2021 12:04:50 - 150000	P	30057,-1,0,0,0,0,0,geffen
04/05/2021 12:13:31 - 150000	A	30057,1,geffen
04/05/2021 12:13:39 - 150000	P	30057,-1,0,0,0,0,0,geffen
04/05/2021 12:13:42 - 150000	P	30057,1,0,0,0,0,0,geffen
04/05/2021 12:13:46 - 150000	P	30057,-1,0,0,0,0,0,geffen
04/05/2021 12:41:55 - 150000	A	18201,1,geffen
04/05/2021 12:42:36 - 150000	P	18200,-1,0,0,0,0,0,geffen
04/05/2021 12:42:39 - 150000	P	18200,-1,0,0,0,0,0,geffen
04/05/2021 12:42:53 - 150000	P	18200,1,0,0,0,0,0,geffen
04/05/2021 12:47:21 - 150000	A	18200,1,geffen
04/05/2021 12:50:18 - 150000	P	18200,-1,0,0,0,0,0,geffen
04/05/2021 12:50:19 - 150000	P	18201,-1,0,0,0,0,0,geffen
04/05/2021 12:50:21 - 150000	P	18200,-1,0,0,0,0,0,geffen
04/05/2021 13:15:50 - 150000	P	25200,-1,0,0,0,0,0,geffen
04/05/2021 13:16:08 - 150000	A	25200,1,geffen
04/05/2021 18:27:28 - 150000	A	18200,1,geffen
04/05/2021 18:29:46 - 150000	P	18200,-1,0,0,0,0,0,geffen
04/05/2021 18:29:49 - 150000	P	18200,1,0,0,0,0,0,geffen
04/05/2021 19:05:53 - 150000	A	18201,1,geffen
04/05/2021 19:06:03 - 150000	A	18202,1,geffen
04/05/2021 19:06:05 - 150000	A	18203,1,geffen
04/05/2021 19:06:06 - 150000	A	18204,1,geffen
04/05/2021 19:06:09 - 150000	A	18205,1,geffen
04/05/2021 19:13:31 - 150000	A	18206,1,geffen
04/05/2021 19:26:27 - 150000	A	18209,1,geffen
04/05/2021 19:52:22 - 150003	A	18200,1,prt_fild05
04/05/2021 19:52:25 - 150003	A	18201,1,prt_fild05
04/05/2021 19:52:26 - 150003	A	18202,1,prt_fild05
04/05/2021 19:52:28 - 150003	A	18203,1,prt_fild05
04/05/2021 19:52:29 - 150003	A	18204,1,prt_fild05
04/05/2021 19:52:31 - 150003	A	18205,1,prt_fild05
04/05/2021 19:55:53 - 150003	P	18203,-1,0,0,0,0,0,prt_fild05
04/05/2021 19:55:55 - 150003	P	18204,-1,0,0,0,0,0,prt_fild05
04/05/2021 19:55:56 - 150003	P	18205,-1,0,0,0,0,0,prt_fild05
04/05/2021 19:55:58 - 150003	P	18201,-1,0,0,0,0,0,prt_fild05
04/05/2021 19:56:00 - 150003	P	18202,-1,0,0,0,0,0,prt_fild05
04/05/2021 19:56:02 - 150003	P	18205,1,0,0,0,0,0,prt_fild05
04/05/2021 19:56:02 - 150003	P	18204,1,0,0,0,0,0,prt_fild05
04/05/2021 19:56:04 - 150003	P	18202,1,0,0,0,0,0,prt_fild05
04/05/2021 19:56:05 - 150003	P	18201,1,0,0,0,0,0,prt_fild05
04/05/2021 19:56:06 - 150003	P	18203,1,0,0,0,0,0,prt_fild05
04/05/2021 20:09:53 - 1002	M	909,-1,prt_fild05
04/05/2021 20:09:53 - 1002	M	1202,-1,prt_fild05
04/05/2021 20:09:53 - 1002	M	938,-1,prt_fild05
04/05/2021 20:09:53 - 1002	M	512,-1,prt_fild05
04/05/2021 20:09:53 - 1002	M	713,-1,prt_fild05
04/05/2021 20:09:53 - 1002	M	512,-1,prt_fild05
04/05/2021 20:09:53 - 1002	M	619,-1,prt_fild05
04/05/2021 20:10:15 - 1002	L	909,1,0,0,0,0,0,prt_fild05
04/05/2021 20:10:16 - 1002	L	1202,1,0,0,0,0,0,prt_fild05
04/05/2021 20:10:16 - 1002	L	512,1,0,0,0,0,0,prt_fild05
04/05/2021 20:10:17 - 1002	L	619,1,0,0,0,0,0,prt_fild05
04/05/2021 20:10:18 - 1002	L	938,1,0,0,0,0,0,prt_fild05
04/05/2021 20:10:18 - 1002	L	512,1,0,0,0,0,0,prt_fild05
04/05/2021 20:10:18 - 1002	L	713,1,0,0,0,0,0,prt_fild05
04/05/2021 20:10:53 - 1063	M	705,-1,prt_fild05
04/05/2021 20:10:53 - 1063	M	949,-1,prt_fild05
04/05/2021 20:10:53 - 1063	M	512,-1,prt_fild05
04/05/2021 20:10:53 - 1063	M	507,-1,prt_fild05
04/05/2021 20:10:53 - 1063	M	515,-1,prt_fild05
04/05/2021 20:10:57 - 1002	L	507,1,0,0,0,0,0,prt_fild05
04/05/2021 20:10:57 - 1002	L	705,1,0,0,0,0,0,prt_fild05
04/05/2021 20:10:57 - 1002	L	512,1,0,0,0,0,0,prt_fild05
04/05/2021 20:10:57 - 1002	L	949,1,0,0,0,0,0,prt_fild05
04/05/2021 20:10:58 - 1002	L	515,1,0,0,0,0,0,prt_fild05
04/05/2021 20:16:41 - 150003	A	18200,1,prt_fild05
04/05/2021 20:17:04 - 150003	A	20001,1,prt_fild05
04/05/2021 20:17:09 - 150003	A	20002,1,prt_fild05
04/05/2021 20:17:27 - 150003	A	20003,1,prt_fild05
04/05/2021 20:17:29 - 150003	A	20004,1,prt_fild05
04/05/2021 20:17:31 - 150003	A	20005,1,prt_fild05
04/05/2021 20:17:33 - 150003	A	20006,1,prt_fild05
04/05/2021 20:17:39 - 150003	A	20007,1,prt_fild05
04/05/2021 20:17:42 - 150003	A	20008,1,prt_fild05
04/05/2021 20:17:44 - 150003	A	20009,1,prt_fild05
04/05/2021 20:17:47 - 150003	A	20010,1,prt_fild05
04/05/2021 20:17:49 - 150003	A	20011,1,prt_fild05
04/05/2021 20:17:50 - 150003	A	20012,1,prt_fild05
04/05/2021 20:17:52 - 150003	A	20013,1,prt_fild05
04/05/2021 20:17:53 - 150003	A	20014,1,prt_fild05
04/05/2021 20:17:55 - 150003	A	20015,1,prt_fild05
04/05/2021 20:24:49 - 150003	A	20001,1,prt_fild05
04/05/2021 20:24:51 - 150003	A	20002,1,prt_fild05
04/05/2021 20:24:53 - 150003	A	20003,1,prt_fild05
04/05/2021 20:24:54 - 150003	A	20004,1,prt_fild05
04/05/2021 20:24:56 - 150003	A	20005,1,prt_fild05
04/05/2021 20:25:00 - 150003	A	20006,1,prt_fild05
04/05/2021 20:25:02 - 150003	A	20007,1,prt_fild05
04/05/2021 20:25:03 - 150003	A	20008,1,prt_fild05
04/05/2021 20:25:05 - 150003	A	20009,1,prt_fild05
04/05/2021 20:25:09 - 150003	A	20010,1,prt_fild05
04/05/2021 20:25:12 - 150003	A	20011,1,prt_fild05
04/05/2021 20:25:14 - 150003	A	20012,1,prt_fild05
04/05/2021 20:25:15 - 150003	A	20013,1,prt_fild05
04/05/2021 20:25:17 - 150003	A	20014,1,prt_fild05
04/05/2021 20:25:19 - 150003	A	20015,1,prt_fild05
04/05/2021 20:25:21 - 150003	A	20016,1,prt_fild05
04/05/2021 20:25:23 - 150003	A	20017,1,prt_fild05
04/05/2021 20:25:24 - 150003	A	20018,1,prt_fild05
04/05/2021 20:25:40 - 150003	A	20019,1,prt_fild05
04/05/2021 20:25:42 - 150003	A	20020,1,prt_fild05
04/05/2021 20:25:44 - 150003	A	20021,1,prt_fild05
04/05/2021 20:25:45 - 150003	A	20022,1,prt_fild05
04/05/2021 20:25:47 - 150003	A	20023,1,prt_fild05
04/05/2021 20:25:49 - 150003	A	20024,1,prt_fild05
04/05/2021 20:25:50 - 150003	A	20025,1,prt_fild05
04/05/2021 20:25:53 - 150003	A	20026,1,prt_fild05
04/05/2021 20:25:55 - 150003	A	20027,1,prt_fild05
04/05/2021 20:28:08 - 150003	A	2001,1,prt_fild05
04/05/2021 20:28:11 - 150003	A	2000,1,prt_fild05
04/05/2021 20:28:15 - 150003	A	20001,1,prt_fild05
04/05/2021 20:28:48 - 150003	P	20022,-1,0,0,0,0,0,prt_fild05
04/05/2021 20:28:51 - 150003	P	20016,-1,0,0,0,0,0,prt_fild05
04/05/2021 20:28:53 - 150003	P	20018,-1,0,0,0,0,0,prt_fild05
04/05/2021 20:28:56 - 150003	P	20004,-1,0,0,0,0,0,prt_fild05
04/05/2021 20:29:03 - 150003	P	20005,-1,0,0,0,0,0,prt_fild05
04/05/2021 20:29:05 - 1002	L	20004,1,0,0,0,0,0,prt_fild05
04/05/2021 20:29:05 - 1002	L	20016,1,0,0,0,0,0,prt_fild05
04/05/2021 20:29:05 - 150003	P	20013,-1,0,0,0,0,0,prt_fild05
04/05/2021 20:29:06 - 1002	L	20018,1,0,0,0,0,0,prt_fild05
04/05/2021 20:29:06 - 1002	L	20022,1,0,0,0,0,0,prt_fild05
04/05/2021 20:29:07 - 150003	P	20014,-1,0,0,0,0,0,prt_fild05
04/05/2021 20:29:08 - 1002	L	20005,1,0,0,0,0,0,prt_fild05
04/05/2021 20:29:09 - 1002	L	20014,1,0,0,0,0,0,prt_fild05
04/05/2021 20:29:09 - 1002	M	909,-1,prt_fild05
04/05/2021 20:29:09 - 1002	M	1202,-1,prt_fild05
04/05/2021 20:29:09 - 1002	M	938,-1,prt_fild05
04/05/2021 20:29:09 - 1002	M	512,-1,prt_fild05
04/05/2021 20:29:09 - 1002	M	713,-1,prt_fild05
04/05/2021 20:29:09 - 1002	M	512,-1,prt_fild05
04/05/2021 20:29:09 - 1002	L	20004,-1,0,0,0,0,0,prt_fild05
04/05/2021 20:29:09 - 1002	L	20016,-1,0,0,0,0,0,prt_fild05
04/05/2021 20:29:09 - 1002	L	20018,-1,0,0,0,0,0,prt_fild05
04/05/2021 20:29:09 - 1002	L	20022,-1,0,0,0,0,0,prt_fild05
04/05/2021 20:29:09 - 1002	L	20005,-1,0,0,0,0,0,prt_fild05
04/05/2021 20:29:09 - 1002	L	20014,-1,0,0,0,0,0,prt_fild05
04/05/2021 20:29:12 - 150003	P	20006,-1,0,0,0,0,0,prt_fild05
04/05/2021 20:29:14 - 150003	P	20007,-1,0,0,0,0,0,prt_fild05
04/05/2021 20:29:16 - 150003	P	18202,-1,0,0,0,0,0,prt_fild05
04/05/2021 20:29:18 - 150003	P	2301,-1,0,0,0,0,0,prt_fild05
04/05/2021 20:29:20 - 150003	P	1201,-1,0,0,0,0,0,prt_fild05
04/05/2021 20:29:22 - 150003	P	18204,-1,0,0,0,0,0,prt_fild05
04/05/2021 20:29:23 - 150003	P	18205,-1,0,0,0,0,0,prt_fild05
04/05/2021 20:29:25 - 150003	P	18200,-1,0,0,0,0,0,prt_fild05
04/05/2021 20:29:26 - 150003	P	20002,-1,0,0,0,0,0,prt_fild05
04/05/2021 20:29:27 - 150003	P	20003,-1,0,0,0,0,0,prt_fild05
04/05/2021 20:29:28 - 150003	P	20004,-1,0,0,0,0,0,prt_fild05
04/05/2021 20:29:29 - 150003	P	20005,-1,0,0,0,0,0,prt_fild05
04/05/2021 20:29:31 - 150003	P	20005,-1,0,0,0,0,0,prt_fild05
04/05/2021 20:29:33 - 150003	P	20005,-1,0,0,0,0,0,prt_fild05
04/05/2021 20:29:37 - 150003	P	20005,-1,0,0,0,0,0,prt_fild05
04/05/2021 20:29:38 - 150003	P	20006,-1,0,0,0,0,0,prt_fild05
04/05/2021 20:29:39 - 150003	P	20007,-1,0,0,0,0,0,prt_fild05
04/05/2021 20:29:40 - 150003	P	20008,-1,0,0,0,0,0,prt_fild05
04/05/2021 20:29:41 - 150003	P	20009,-1,0,0,0,0,0,prt_fild05
04/05/2021 20:29:42 - 150003	P	20010,-1,0,0,0,0,0,prt_fild05
04/05/2021 20:29:44 - 150003	P	20011,-1,0,0,0,0,0,prt_fild05
04/05/2021 20:29:45 - 150003	P	20012,-1,0,0,0,0,0,prt_fild05
04/05/2021 20:29:46 - 150003	P	20014,-1,0,0,0,0,0,prt_fild05
04/05/2021 20:29:47 - 150003	P	20015,-1,0,0,0,0,0,prt_fild05
04/05/2021 20:29:48 - 150003	P	20002,-1,0,0,0,0,0,prt_fild05
04/05/2021 20:29:49 - 150003	P	20003,-1,0,0,0,0,0,prt_fild05
04/05/2021 20:29:50 - 150003	P	20008,-1,0,0,0,0,0,prt_fild05
04/05/2021 20:29:51 - 150003	P	20009,-1,0,0,0,0,0,prt_fild05
04/05/2021 20:29:52 - 150003	P	20010,-1,0,0,0,0,0,prt_fild05
04/05/2021 20:29:53 - 150003	P	20011,-1,0,0,0,0,0,prt_fild05
04/05/2021 20:29:54 - 150003	P	20012,-1,0,0,0,0,0,prt_fild05
04/05/2021 20:29:55 - 150003	P	20023,-1,0,0,0,0,0,prt_fild05
04/05/2021 20:29:56 - 150003	P	20024,-1,0,0,0,0,0,prt_fild05
04/05/2021 20:29:58 - 150003	P	20015,-1,0,0,0,0,0,prt_fild05
04/05/2021 20:30:02 - 150003	P	20015,-1,0,0,0,0,0,prt_fild05
04/05/2021 20:30:03 - 150003	P	20017,-1,0,0,0,0,0,prt_fild05
04/05/2021 20:30:06 - 150003	P	18203,-1,0,0,0,0,0,prt_fild05
04/05/2021 20:30:07 - 150003	P	18201,-1,0,0,0,0,0,prt_fild05
04/05/2021 20:30:08 - 150003	P	20019,-1,0,0,0,0,0,prt_fild05
04/05/2021 20:30:09 - 150003	P	20020,-1,0,0,0,0,0,prt_fild05
04/05/2021 20:30:10 - 150003	P	20021,-1,0,0,0,0,0,prt_fild05
04/05/2021 20:30:12 - 150003	P	20024,-1,0,0,0,0,0,prt_fild05
04/05/2021 20:30:13 - 150003	P	20025,-1,0,0,0,0,0,prt_fild05
04/05/2021 20:30:14 - 150003	P	20026,-1,0,0,0,0,0,prt_fild05
04/05/2021 20:30:15 - 150003	P	20027,-1,0,0,0,0,0,prt_fild05
04/05/2021 20:30:16 - 150003	P	2001,-1,0,0,0,0,0,prt_fild05
04/05/2021 20:30:17 - 150003	P	2000,-1,0,0,0,0,0,prt_fild05
04/05/2021 20:30:24 - 1002	L	20027,1,0,0,0,0,0,prt_fild05
04/05/2021 20:30:24 - 1002	L	20021,1,0,0,0,0,0,prt_fild05
04/05/2021 20:30:24 - 1002	L	2000,1,0,0,0,0,0,prt_fild05
04/05/2021 20:30:24 - 1002	L	18201,1,0,0,0,0,0,prt_fild05
04/05/2021 20:30:24 - 1002	L	18203,1,0,0,0,0,0,prt_fild05
04/05/2021 20:30:24 - 1002	L	20015,1,0,0,0,0,0,prt_fild05
04/05/2021 20:30:25 - 1002	L	20020,1,0,0,0,0,0,prt_fild05
04/05/2021 20:30:25 - 1002	L	2001,1,0,0,0,0,0,prt_fild05
04/05/2021 20:30:25 - 1002	L	20026,1,0,0,0,0,0,prt_fild05
04/05/2021 20:30:25 - 1002	L	20017,1,0,0,0,0,0,prt_fild05
04/05/2021 20:30:25 - 1002	L	20025,1,0,0,0,0,0,prt_fild05
04/05/2021 20:30:25 - 1002	L	20019,1,0,0,0,0,0,prt_fild05
04/05/2021 20:30:25 - 1002	L	20024,1,0,0,0,0,0,prt_fild05
04/05/2021 20:30:27 - 1002	L	20011,1,0,0,0,0,0,prt_fild05
04/05/2021 20:30:27 - 1002	L	20012,1,0,0,0,0,0,prt_fild05
04/05/2021 20:30:27 - 1002	L	20011,1,0,0,0,0,0,prt_fild05
04/05/2021 20:30:27 - 1002	L	20012,1,0,0,0,0,0,prt_fild05
04/05/2021 20:30:27 - 1002	L	20007,1,0,0,0,0,0,prt_fild05
04/05/2021 20:30:28 - 1002	L	20005,1,0,0,0,0,0,prt_fild05
04/05/2021 20:30:28 - 1002	L	20009,1,0,0,0,0,0,prt_fild05
04/05/2021 20:30:28 - 1002	L	20015,1,0,0,0,0,0,prt_fild05
04/05/2021 20:30:28 - 1002	L	20008,1,0,0,0,0,0,prt_fild05
04/05/2021 20:30:28 - 1002	L	20003,1,0,0,0,0,0,prt_fild05
04/05/2021 20:30:28 - 1002	L	20014,1,0,0,0,0,0,prt_fild05
04/05/2021 20:30:28 - 1002	L	20009,1,0,0,0,0,0,prt_fild05
04/05/2021 20:30:29 - 1002	L	20023,1,0,0,0,0,0,prt_fild05
04/05/2021 20:30:29 - 1002	L	20002,1,0,0,0,0,0,prt_fild05
04/05/2021 20:30:29 - 1002	L	20010,1,0,0,0,0,0,prt_fild05
04/05/2021 20:30:29 - 1002	L	20008,1,0,0,0,0,0,prt_fild05
04/05/2021 20:30:29 - 1002	L	20010,1,0,0,0,0,0,prt_fild05
04/05/2021 20:30:29 - 1002	L	20006,1,0,0,0,0,0,prt_fild05
04/05/2021 20:31:11 - 150000	P	18209,-1,0,0,0,0,0,geffen
04/05/2021 20:31:12 - 150000	P	18206,-1,0,0,0,0,0,geffen
04/05/2021 20:37:15 - 150003	A	18201,1,prontera
04/05/2021 20:38:33 - 150000	P	1201,-1,0,0,0,0,0,geffen
04/05/2021 20:38:34 - 150000	P	2301,-1,0,0,0,0,0,geffen
04/05/2021 20:38:35 - 150000	P	1402,-1,0,0,0,0,0,geffen
04/05/2021 20:53:13 - 150000	A	1740,1,geffen
04/05/2021 20:53:26 - 150000	A	1741,1,geffen
04/05/2021 20:53:28 - 150000	A	1742,1,geffen
04/05/2021 20:53:30 - 150000	A	1743,1,geffen
04/05/2021 20:58:52 - 150000	A	18200,1,geffen
04/05/2021 20:59:42 - 150000	A	18200,1,geffen
04/05/2021 20:59:45 - 150000	A	18201,1,geffen
04/05/2021 20:59:47 - 150000	A	18202,1,geffen
04/05/2021 20:59:48 - 150000	A	18203,1,geffen
04/05/2021 20:59:50 - 150000	A	18204,1,geffen
04/05/2021 20:59:51 - 150000	A	18205,1,geffen
04/05/2021 20:59:53 - 150000	A	18206,1,geffen
04/05/2021 20:59:57 - 150000	P	18206,-1,0,0,0,0,0,geffen
04/05/2021 21:00:04 - 150000	P	18202,-1,0,0,0,0,0,geffen
04/05/2021 21:00:06 - 150000	P	1742,-1,0,0,0,0,0,geffen
04/05/2021 21:00:07 - 150000	P	1741,-1,0,0,0,0,0,geffen
04/05/2021 21:00:09 - 150000	P	1740,-1,0,0,0,0,0,geffen
04/05/2021 21:01:48 - 150000	A	18200,1,geffen
04/05/2021 21:01:52 - 150000	P	18200,-1,0,0,0,0,0,geffen
04/05/2021 21:24:47 - 150000	A	18200,1,geffen
04/05/2021 21:25:46 - 150000	A	18200,1,geffen
04/05/2021 21:25:48 - 150000	A	18201,1,geffen
04/05/2021 21:27:24 - 150000	A	18201,1,geffen
04/05/2021 21:27:25 - 150000	A	18202,1,geffen
04/05/2021 21:28:24 - 150000	A	18202,1,geffen
04/05/2021 21:28:53 - 150000	A	18203,1,geffen
04/05/2021 21:29:46 - 150000	A	18221,1,geffen
04/05/2021 21:30:04 - 150000	A	18222,1,geffen
04/05/2021 21:30:07 - 150000	A	18223,1,geffen
04/05/2021 21:30:09 - 150000	A	1822,1,geffen
04/05/2021 21:30:13 - 150000	A	18224,1,geffen
04/05/2021 21:30:15 - 150000	A	18225,1,geffen
04/05/2021 21:30:16 - 150000	A	18226,1,geffen
04/05/2021 21:30:18 - 150000	A	18227,1,geffen
04/05/2021 21:30:20 - 150000	A	18228,1,geffen
04/05/2021 21:30:22 - 150000	A	18229,1,geffen
04/05/2021 21:30:25 - 150000	A	18230,1,geffen
04/05/2021 21:30:27 - 150000	A	18231,1,geffen
04/05/2021 21:30:28 - 150000	A	18232,1,geffen
04/05/2021 21:30:30 - 150000	A	18233,1,geffen
04/05/2021 21:30:32 - 150000	A	18234,1,geffen
04/05/2021 21:30:33 - 150000	A	18235,1,geffen
04/05/2021 21:30:36 - 150000	A	18236,1,geffen
04/05/2021 21:30:37 - 150000	A	18237,1,geffen
04/05/2021 21:30:42 - 150000	A	18238,1,geffen
04/05/2021 21:30:44 - 150000	A	18239,1,geffen
04/05/2021 21:30:47 - 150000	A	18240,1,geffen
04/05/2021 21:30:48 - 150000	A	18241,1,geffen
04/05/2021 21:30:49 - 150000	A	18242,1,geffen
04/05/2021 21:30:51 - 150000	A	18243,1,geffen
04/05/2021 21:30:53 - 150000	A	18244,1,geffen
04/05/2021 21:30:55 - 150000	A	18245,1,geffen
04/05/2021 21:30:57 - 150000	A	18246,1,geffen
04/05/2021 21:30:58 - 150000	A	18247,1,geffen
04/05/2021 21:31:00 - 150000	A	18248,1,geffen
04/05/2021 21:31:01 - 150000	A	18249,1,geffen
04/05/2021 21:31:06 - 150000	A	18250,1,geffen
04/05/2021 21:31:09 - 150000	A	18251,1,geffen
04/05/2021 21:31:11 - 150000	A	18252,1,geffen
04/05/2021 21:31:14 - 150000	A	18253,1,geffen
04/05/2021 21:31:15 - 150000	A	18254,1,geffen
04/05/2021 21:31:17 - 150000	A	18255,1,geffen
04/05/2021 21:31:18 - 150000	A	18256,1,geffen
04/05/2021 21:31:20 - 150000	A	18257,1,geffen
04/05/2021 21:31:22 - 150000	A	18258,1,geffen
04/05/2021 21:31:25 - 150000	A	18259,1,geffen
04/05/2021 21:31:28 - 150000	A	18260,1,geffen
04/05/2021 21:31:31 - 150000	A	18262,1,geffen
04/05/2021 21:31:33 - 150000	A	18263,1,geffen
04/05/2021 21:31:35 - 150000	A	18264,1,geffen
04/05/2021 21:31:36 - 150000	A	18265,1,geffen
04/05/2021 21:31:38 - 150000	A	18266,1,geffen
04/05/2021 21:31:40 - 150000	A	18267,1,geffen
04/05/2021 21:31:41 - 150000	A	18268,1,geffen
04/05/2021 21:31:43 - 150000	A	18269,1,geffen
04/05/2021 21:31:47 - 150000	A	18270,1,geffen
04/05/2021 21:31:48 - 150000	A	18271,1,geffen
04/05/2021 21:31:50 - 150000	A	18272,1,geffen
04/05/2021 21:31:51 - 150000	A	18273,1,geffen
04/05/2021 21:31:52 - 150000	A	18274,1,geffen
04/05/2021 21:31:57 - 150000	A	18275,1,geffen
04/05/2021 21:31:58 - 150000	A	18276,1,geffen
04/05/2021 21:32:00 - 150000	A	18277,1,geffen
04/05/2021 21:32:02 - 150000	A	18278,1,geffen
04/05/2021 21:32:03 - 150000	A	18279,1,geffen
04/05/2021 21:32:07 - 150000	A	18280,1,geffen
04/05/2021 21:32:08 - 150000	A	18281,1,geffen
04/05/2021 21:32:10 - 150000	A	18282,1,geffen
04/05/2021 21:32:11 - 150000	A	18283,1,geffen
04/05/2021 21:32:12 - 150000	A	18284,1,geffen
04/05/2021 21:32:16 - 150000	A	18285,1,geffen
04/05/2021 21:32:39 - 150000	P	18233,-1,0,0,0,0,0,geffen
04/05/2021 21:32:58 - 150000	P	18275,-1,0,0,0,0,0,geffen
04/05/2021 21:32:59 - 150000	P	18273,-1,0,0,0,0,0,geffen
04/05/2021 21:33:04 - 150000	P	18274,-1,0,0,0,0,0,geffen
04/05/2021 21:33:06 - 150000	P	18276,-1,0,0,0,0,0,geffen
04/05/2021 21:33:12 - 150000	P	18278,-1,0,0,0,0,0,geffen
04/05/2021 21:33:17 - 150000	P	18283,-1,0,0,0,0,0,geffen
04/05/2021 21:33:19 - 150000	P	18282,-1,0,0,0,0,0,geffen
04/05/2021 21:33:21 - 150000	P	18281,-1,0,0,0,0,0,geffen
04/05/2021 21:33:23 - 1261	L	18281,1,0,0,0,0,0,geffen
04/05/2021 21:33:23 - 1261	L	18283,1,0,0,0,0,0,geffen
04/05/2021 21:33:23 - 1261	L	18282,1,0,0,0,0,0,geffen
04/05/2021 21:33:24 - 1261	L	18276,1,0,0,0,0,0,geffen
04/05/2021 21:33:25 - 1261	L	18233,1,0,0,0,0,0,geffen
04/05/2021 21:33:25 - 1261	L	18274,1,0,0,0,0,0,geffen
04/05/2021 21:33:25 - 1261	L	18275,1,0,0,0,0,0,geffen
04/05/2021 21:33:25 - 1261	L	18278,1,0,0,0,0,0,geffen
04/05/2021 21:33:25 - 1261	L	18273,1,0,0,0,0,0,geffen
04/05/2021 21:33:41 - 150000	P	18257,-1,0,0,0,0,0,geffen
04/05/2021 21:34:08 - 150000	P	18245,-1,0,0,0,0,0,geffen
04/05/2021 21:34:19 - 150000	P	18237,-1,0,0,0,0,0,geffen
04/05/2021 21:34:21 - 150000	P	18229,-1,0,0,0,0,0,geffen
04/05/2021 21:34:22 - 150000	P	18230,-1,0,0,0,0,0,geffen
04/05/2021 21:34:23 - 150000	P	18231,-1,0,0,0,0,0,geffen
04/05/2021 21:34:25 - 150000	P	18232,-1,0,0,0,0,0,geffen
04/05/2021 21:34:26 - 150000	P	18245,1,0,0,0,0,0,geffen
04/05/2021 21:34:29 - 150000	P	18234,-1,0,0,0,0,0,geffen
04/05/2021 21:34:31 - 150000	P	18235,-1,0,0,0,0,0,geffen
04/05/2021 21:34:32 - 150000	P	18236,-1,0,0,0,0,0,geffen
04/05/2021 21:34:33 - 150000	P	18238,-1,0,0,0,0,0,geffen
04/05/2021 21:34:34 - 150000	P	18223,-1,0,0,0,0,0,geffen
04/05/2021 21:34:47 - 150000	P	1822,-1,0,0,0,0,0,geffen
04/05/2021 21:34:50 - 150000	P	18272,-1,0,0,0,0,0,geffen
04/05/2021 21:34:51 - 150000	P	18277,-1,0,0,0,0,0,geffen
04/05/2021 21:34:53 - 150000	P	18279,-1,0,0,0,0,0,geffen
04/05/2021 21:34:55 - 150000	P	18280,-1,0,0,0,0,0,geffen
04/05/2021 21:34:56 - 150000	P	18245,-1,0,0,0,0,0,geffen
04/05/2021 21:34:58 - 150000	P	18265,-1,0,0,0,0,0,geffen
04/05/2021 21:34:59 - 150000	P	18256,-1,0,0,0,0,0,geffen
04/05/2021 21:35:01 - 150000	P	18258,-1,0,0,0,0,0,geffen
04/05/2021 21:35:03 - 150000	P	18201,-1,0,0,0,0,0,geffen
04/05/2021 21:35:04 - 150000	P	18225,-1,0,0,0,0,0,geffen
04/05/2021 21:35:05 - 150000	P	18243,-1,0,0,0,0,0,geffen
04/05/2021 21:35:06 - 150000	P	18246,-1,0,0,0,0,0,geffen
04/05/2021 21:35:08 - 150000	P	18226,-1,0,0,0,0,0,geffen
04/05/2021 21:35:09 - 150000	P	18201,-1,0,0,0,0,0,geffen
04/05/2021 21:35:10 - 150000	P	18202,-1,0,0,0,0,0,geffen
04/05/2021 21:35:11 - 150000	P	18205,-1,0,0,0,0,0,geffen
04/05/2021 21:35:13 - 150000	P	18204,-1,0,0,0,0,0,geffen
04/05/2021 21:35:14 - 150000	P	18221,-1,0,0,0,0,0,geffen
04/05/2021 21:35:15 - 150000	P	18205,-1,0,0,0,0,0,geffen
04/05/2021 21:35:16 - 150000	P	18244,-1,0,0,0,0,0,geffen
04/05/2021 21:35:19 - 150000	P	18244,-1,0,0,0,0,0,geffen
04/05/2021 21:35:20 - 150000	P	18254,-1,0,0,0,0,0,geffen
04/05/2021 21:35:21 - 150000	P	18259,-1,0,0,0,0,0,geffen
04/05/2021 21:35:22 - 150000	P	18227,-1,0,0,0,0,0,geffen
04/05/2021 21:35:24 - 150000	P	18200,-1,0,0,0,0,0,geffen
04/05/2021 21:35:26 - 150000	P	18201,-1,0,0,0,0,0,geffen
04/05/2021 21:35:27 - 150000	P	18204,-1,0,0,0,0,0,geffen
04/05/2021 21:35:28 - 150000	P	18200,-1,0,0,0,0,0,geffen
04/05/2021 21:35:30 - 150000	P	18241,-1,0,0,0,0,0,geffen
04/05/2021 21:35:31 - 150000	P	18202,-1,0,0,0,0,0,geffen
04/05/2021 21:35:31 - 150000	P	18203,-1,0,0,0,0,0,geffen
04/05/2021 21:35:34 - 150000	P	18255,-1,0,0,0,0,0,geffen
04/05/2021 21:35:35 - 150000	P	18262,-1,0,0,0,0,0,geffen
04/05/2021 21:35:35 - 150000	P	18248,-1,0,0,0,0,0,geffen
04/05/2021 21:35:36 - 150000	P	18250,-1,0,0,0,0,0,geffen
04/05/2021 21:35:37 - 150000	P	18222,-1,0,0,0,0,0,geffen
04/05/2021 21:35:38 - 150000	P	18224,-1,0,0,0,0,0,geffen
04/05/2021 21:35:39 - 150000	P	18228,-1,0,0,0,0,0,geffen
04/05/2021 21:35:40 - 150000	P	18240,-1,0,0,0,0,0,geffen
04/05/2021 21:35:49 - 150000	P	18253,-1,0,0,0,0,0,geffen
04/05/2021 21:35:50 - 150000	P	18263,-1,0,0,0,0,0,geffen
04/05/2021 21:35:52 - 150000	P	18266,-1,0,0,0,0,0,geffen
04/05/2021 21:35:54 - 150000	P	18264,-1,0,0,0,0,0,geffen
04/05/2021 21:35:55 - 150000	P	18242,-1,0,0,0,0,0,geffen
04/05/2021 21:35:56 - 150000	P	18247,-1,0,0,0,0,0,geffen
04/05/2021 21:35:57 - 150000	P	18249,-1,0,0,0,0,0,geffen
04/05/2021 21:35:59 - 150000	P	18239,-1,0,0,0,0,0,geffen
04/05/2021 21:36:00 - 150000	P	18271,-1,0,0,0,0,0,geffen
04/05/2021 21:36:02 - 150000	P	18200,-1,0,0,0,0,0,geffen
04/05/2021 21:36:04 - 150000	P	18251,-1,0,0,0,0,0,geffen
04/05/2021 21:36:07 - 150000	P	18203,-1,0,0,0,0,0,geffen
04/05/2021 21:36:10 - 150000	P	18203,-1,0,0,0,0,0,geffen
04/05/2021 21:36:11 - 150000	P	18200,-1,0,0,0,0,0,geffen
04/05/2021 21:36:12 - 150000	P	18202,-1,0,0,0,0,0,geffen
04/05/2021 21:36:13 - 150000	P	18201,-1,0,0,0,0,0,geffen
04/05/2021 21:36:14 - 150000	P	18205,-1,0,0,0,0,0,geffen
04/05/2021 21:36:15 - 150000	P	18252,-1,0,0,0,0,0,geffen
04/05/2021 21:36:16 - 150000	P	18260,-1,0,0,0,0,0,geffen
04/05/2021 21:36:17 - 150000	P	18267,-1,0,0,0,0,0,geffen
04/05/2021 21:36:18 - 150000	P	18268,-1,0,0,0,0,0,geffen
04/05/2021 21:36:19 - 150000	P	18269,-1,0,0,0,0,0,geffen
04/05/2021 21:36:20 - 150000	P	18270,-1,0,0,0,0,0,geffen
04/05/2021 21:36:25 - 150000	A	18285,1,geffen
04/05/2021 21:36:27 - 150000	A	18286,1,geffen
04/05/2021 21:36:28 - 150000	A	18287,1,geffen
04/05/2021 21:36:29 - 150000	A	18288,1,geffen
04/05/2021 21:36:31 - 150000	A	18289,1,geffen
04/05/2021 21:36:34 - 150000	A	18290,1,geffen
04/05/2021 21:36:36 - 150000	A	18291,1,geffen
04/05/2021 21:36:37 - 150000	A	18292,1,geffen
04/05/2021 21:36:39 - 150000	A	18293,1,geffen
04/05/2021 21:36:40 - 150000	A	18294,1,geffen
04/05/2021 21:36:41 - 150000	A	18295,1,geffen
04/05/2021 21:36:43 - 150000	A	18296,1,geffen
04/05/2021 21:36:44 - 150000	A	18297,1,geffen
04/05/2021 21:36:45 - 150000	A	18298,1,geffen
04/05/2021 21:36:47 - 150000	A	18299,1,geffen
04/05/2021 21:36:50 - 150000	A	18300,1,geffen
04/05/2021 21:36:51 - 150000	A	18301,1,geffen
04/05/2021 21:36:52 - 150000	A	18302,1,geffen
04/05/2021 21:36:54 - 150000	A	18303,1,geffen
04/05/2021 21:36:55 - 150000	A	18304,1,geffen
04/05/2021 21:36:56 - 150000	A	18305,1,geffen
04/05/2021 21:36:58 - 150000	A	18306,1,geffen
04/05/2021 21:36:59 - 150000	A	18307,1,geffen
04/05/2021 21:37:00 - 150000	A	18308,1,geffen
04/05/2021 21:37:02 - 150000	A	18309,1,geffen
04/05/2021 21:37:08 - 150000	A	18310,1,geffen
04/05/2021 21:37:10 - 150000	A	18311,1,geffen
04/05/2021 21:37:11 - 150000	A	18311,1,geffen
04/05/2021 21:37:13 - 150000	A	18313,1,geffen
04/05/2021 21:37:15 - 150000	A	18314,1,geffen
04/05/2021 21:37:17 - 150000	A	18315,1,geffen
04/05/2021 21:37:18 - 150000	A	18316,1,geffen
04/05/2021 21:37:20 - 150000	A	18317,1,geffen
04/05/2021 21:37:23 - 150000	A	18319,1,geffen
04/05/2021 21:37:26 - 150000	A	18320,1,geffen
04/05/2021 21:37:27 - 150000	A	18321,1,geffen
04/05/2021 21:37:29 - 150000	A	18322,1,geffen
04/05/2021 21:37:30 - 150000	A	18323,1,geffen
04/05/2021 21:37:31 - 150000	A	18324,1,geffen
04/05/2021 21:37:33 - 150000	A	18325,1,geffen
04/05/2021 21:37:34 - 150000	A	18326,1,geffen
04/05/2021 21:37:36 - 150000	A	18327,1,geffen
04/05/2021 21:37:37 - 150000	A	18328,1,geffen
04/05/2021 21:37:39 - 150000	A	18329,1,geffen
04/05/2021 21:37:40 - 150000	A	18320,1,geffen
04/05/2021 21:37:45 - 150000	A	18330,1,geffen
04/05/2021 21:37:46 - 150000	A	18331,1,geffen
04/05/2021 21:37:47 - 150000	A	18332,1,geffen
04/05/2021 21:37:52 - 150000	A	18333,1,geffen
04/05/2021 21:37:53 - 150000	A	18334,1,geffen
04/05/2021 21:37:54 - 150000	A	18335,1,geffen
04/05/2021 21:37:56 - 150000	A	18336,1,geffen
04/05/2021 21:37:57 - 150000	A	18337,1,geffen
04/05/2021 21:37:59 - 150000	A	18338,1,geffen
04/05/2021 21:38:01 - 150000	A	18338,1,geffen
04/05/2021 21:38:03 - 150000	A	18338,1,geffen
04/05/2021 21:38:08 - 150000	A	18339,1,geffen
04/05/2021 21:38:14 - 150000	A	18340,1,geffen
04/05/2021 21:38:16 - 150000	A	18341,1,geffen
04/05/2021 21:38:22 - 150000	A	18342,1,geffen
04/05/2021 21:38:23 - 150000	A	18343,1,geffen
04/05/2021 21:38:24 - 150000	A	18344,1,geffen
04/05/2021 21:38:26 - 150000	A	18345,1,geffen
04/05/2021 21:38:27 - 150000	A	18346,1,geffen
04/05/2021 21:38:28 - 150000	A	18347,1,geffen
04/05/2021 21:38:30 - 150000	A	18348,1,geffen
04/05/2021 21:38:31 - 150000	A	18349,1,geffen
04/05/2021 21:38:36 - 150000	A	18350,1,geffen
04/05/2021 21:38:37 - 150000	A	18351,1,geffen
04/05/2021 21:38:38 - 150000	A	18352,1,geffen
04/05/2021 21:38:40 - 150000	A	18353,1,geffen
04/05/2021 21:38:41 - 150000	A	18354,1,geffen
04/05/2021 21:38:42 - 150000	A	18355,1,geffen
04/05/2021 21:38:44 - 150000	A	18356,1,geffen
04/05/2021 21:38:47 - 150000	A	18357,1,geffen
04/05/2021 21:38:49 - 150000	A	18358,1,geffen
04/05/2021 21:38:51 - 150000	A	18359,1,geffen
04/05/2021 21:38:54 - 150000	A	18360,1,geffen
04/05/2021 21:38:56 - 150000	A	18361,1,geffen
04/05/2021 21:38:57 - 150000	A	18362,1,geffen
04/05/2021 21:38:58 - 150000	A	18363,1,geffen
04/05/2021 21:39:00 - 150000	A	18364,1,geffen
04/05/2021 21:39:07 - 150000	P	18285,-1,0,0,0,0,0,geffen
04/05/2021 21:39:19 - 150000	P	18286,-1,0,0,0,0,0,geffen
04/05/2021 21:39:22 - 150000	P	18287,-1,0,0,0,0,0,geffen
04/05/2021 21:39:23 - 150000	P	18288,-1,0,0,0,0,0,geffen
04/05/2021 21:39:24 - 150000	P	18289,-1,0,0,0,0,0,geffen
04/05/2021 21:39:26 - 150000	P	18290,-1,0,0,0,0,0,geffen
04/05/2021 21:39:27 - 150000	P	18298,-1,0,0,0,0,0,geffen
04/05/2021 21:39:29 - 150000	P	18299,-1,0,0,0,0,0,geffen
04/05/2021 21:39:30 - 150000	P	18291,-1,0,0,0,0,0,geffen
04/05/2021 21:39:31 - 150000	P	18292,-1,0,0,0,0,0,geffen
04/05/2021 21:39:32 - 150000	P	18293,-1,0,0,0,0,0,geffen
04/05/2021 21:39:34 - 150000	P	18294,-1,0,0,0,0,0,geffen
04/05/2021 21:39:37 - 150000	P	18295,-1,0,0,0,0,0,geffen
04/05/2021 21:39:38 - 150000	P	18296,-1,0,0,0,0,0,geffen
04/05/2021 21:39:39 - 150000	P	18297,-1,0,0,0,0,0,geffen
04/05/2021 21:39:40 - 150000	P	18300,-1,0,0,0,0,0,geffen
04/05/2021 21:39:41 - 150000	P	18301,-1,0,0,0,0,0,geffen
04/05/2021 21:39:43 - 150000	P	18302,-1,0,0,0,0,0,geffen
04/05/2021 21:39:44 - 150000	P	18303,-1,0,0,0,0,0,geffen
04/05/2021 21:39:45 - 150000	P	18304,-1,0,0,0,0,0,geffen
04/05/2021 21:39:46 - 150000	P	18305,-1,0,0,0,0,0,geffen
04/05/2021 21:39:51 - 150000	P	18306,-1,0,0,0,0,0,geffen
04/05/2021 21:39:52 - 150000	P	18307,-1,0,0,0,0,0,geffen
04/05/2021 21:39:53 - 150000	P	18308,-1,0,0,0,0,0,geffen
04/05/2021 21:39:54 - 150000	P	18309,-1,0,0,0,0,0,geffen
04/05/2021 21:39:55 - 150000	P	18310,-1,0,0,0,0,0,geffen
04/05/2021 21:39:55 - 150000	P	18311,-1,0,0,0,0,0,geffen
04/05/2021 21:39:56 - 150000	P	18311,-1,0,0,0,0,0,geffen
04/05/2021 21:39:57 - 150000	P	18313,-1,0,0,0,0,0,geffen
04/05/2021 21:39:58 - 150000	P	18314,-1,0,0,0,0,0,geffen
04/05/2021 21:39:59 - 150000	P	18315,-1,0,0,0,0,0,geffen
04/05/2021 21:40:00 - 150000	P	18316,-1,0,0,0,0,0,geffen
04/05/2021 21:40:01 - 150000	P	18317,-1,0,0,0,0,0,geffen
04/05/2021 21:40:02 - 150000	P	18319,-1,0,0,0,0,0,geffen
04/05/2021 21:40:02 - 150000	P	18320,-1,0,0,0,0,0,geffen
04/05/2021 21:40:03 - 150000	P	18321,-1,0,0,0,0,0,geffen
04/05/2021 21:40:04 - 150000	P	18322,-1,0,0,0,0,0,geffen
04/05/2021 21:40:05 - 150000	P	18323,-1,0,0,0,0,0,geffen
04/05/2021 21:40:06 - 150000	P	18324,-1,0,0,0,0,0,geffen
04/05/2021 21:40:08 - 150000	P	18325,-1,0,0,0,0,0,geffen
04/05/2021 21:40:14 - 150000	P	18325,-1,0,0,0,0,0,geffen
04/05/2021 21:40:15 - 150000	P	18326,-1,0,0,0,0,0,geffen
04/05/2021 21:40:17 - 150000	P	18327,-1,0,0,0,0,0,geffen
04/05/2021 21:40:19 - 150000	P	18328,-1,0,0,0,0,0,geffen
04/05/2021 21:50:07 - 150000	P	18353,-1,0,0,0,0,0,geffen
04/05/2021 21:50:09 - 150000	P	18352,-1,0,0,0,0,0,geffen
04/05/2021 21:50:10 - 150000	P	18351,-1,0,0,0,0,0,geffen
04/05/2021 21:50:12 - 150000	P	18343,-1,0,0,0,0,0,geffen
04/05/2021 21:50:13 - 150000	P	18350,-1,0,0,0,0,0,geffen
04/05/2021 21:50:14 - 150000	P	18349,-1,0,0,0,0,0,geffen
04/05/2021 21:50:15 - 150000	P	18348,-1,0,0,0,0,0,geffen
04/05/2021 21:50:20 - 150000	P	18346,-1,0,0,0,0,0,geffen
04/05/2021 21:50:22 - 150000	P	18345,-1,0,0,0,0,0,geffen
04/05/2021 21:50:23 - 150000	P	18344,-1,0,0,0,0,0,geffen
04/05/2021 21:50:25 - 150000	P	18342,-1,0,0,0,0,0,geffen
04/05/2021 21:50:26 - 150000	P	18341,-1,0,0,0,0,0,geffen
04/05/2021 21:50:28 - 150000	P	18339,-1,0,0,0,0,0,geffen
04/05/2021 21:50:29 - 150000	P	18338,-1,0,0,0,0,0,geffen
04/05/2021 21:50:31 - 150000	P	18338,-1,0,0,0,0,0,geffen
04/05/2021 21:50:32 - 150000	P	18338,-1,0,0,0,0,0,geffen
04/05/2021 21:50:33 - 150000	P	18337,-1,0,0,0,0,0,geffen
04/05/2021 21:50:34 - 150000	P	18336,-1,0,0,0,0,0,geffen
04/05/2021 21:50:35 - 150000	P	18334,-1,0,0,0,0,0,geffen
04/05/2021 21:50:36 - 150000	P	18333,-1,0,0,0,0,0,geffen
04/05/2021 21:50:38 - 150000	P	18332,-1,0,0,0,0,0,geffen
04/05/2021 21:50:41 - 150000	P	18331,-1,0,0,0,0,0,geffen
04/05/2021 21:50:43 - 150000	P	18330,-1,0,0,0,0,0,geffen
04/05/2021 21:50:44 - 150000	P	18320,-1,0,0,0,0,0,geffen
04/05/2021 21:50:45 - 150000	P	18354,-1,0,0,0,0,0,geffen
04/05/2021 21:50:47 - 150000	P	18355,-1,0,0,0,0,0,geffen
04/05/2021 21:50:49 - 150000	P	18356,-1,0,0,0,0,0,geffen
04/05/2021 21:50:52 - 150000	P	18361,-1,0,0,0,0,0,geffen
04/05/2021 21:50:53 - 150000	P	18362,-1,0,0,0,0,0,geffen
04/05/2021 21:50:54 - 150000	P	18360,-1,0,0,0,0,0,geffen
04/05/2021 21:50:55 - 150000	P	18335,-1,0,0,0,0,0,geffen
04/05/2021 21:50:56 - 150000	P	18357,-1,0,0,0,0,0,geffen
04/05/2021 21:50:57 - 150000	P	18358,-1,0,0,0,0,0,geffen
04/05/2021 21:50:58 - 150000	P	18347,-1,0,0,0,0,0,geffen
04/05/2021 21:50:59 - 150000	P	18359,-1,0,0,0,0,0,geffen
04/05/2021 21:51:11 - 150000	A	2000,1,geffen
04/05/2021 21:52:07 - 150000	A	18400,1,geffen
04/05/2021 21:52:08 - 150000	A	18401,1,geffen
04/05/2021 21:52:10 - 150000	A	18402,1,geffen
04/05/2021 21:52:12 - 150000	A	18403,1,geffen
04/05/2021 21:52:13 - 150000	A	18404,1,geffen
04/05/2021 21:52:14 - 150000	A	18405,1,geffen
04/05/2021 21:52:16 - 150000	A	18406,1,geffen
04/05/2021 21:52:17 - 150000	A	18407,1,geffen
04/05/2021 21:52:19 - 150000	A	18408,1,geffen
04/05/2021 21:52:21 - 150000	A	18410,1,geffen
04/05/2021 21:52:22 - 150000	A	18411,1,geffen
04/05/2021 21:52:30 - 150000	P	2000,-1,0,0,0,0,0,geffen
04/05/2021 21:52:32 - 150000	P	18400,-1,0,0,0,0,0,geffen
04/05/2021 21:52:39 - 150000	P	18403,-1,0,0,0,0,0,geffen
04/05/2021 21:52:43 - 150000	P	18404,-1,0,0,0,0,0,geffen
04/05/2021 21:52:52 - 150000	P	18401,-1,0,0,0,0,0,geffen
04/05/2021 21:52:56 - 150000	P	18402,-1,0,0,0,0,0,geffen
04/05/2021 21:52:58 - 150000	P	18405,-1,0,0,0,0,0,geffen
04/05/2021 21:52:59 - 150000	P	18406,-1,0,0,0,0,0,geffen
04/05/2021 21:53:01 - 150000	P	18407,-1,0,0,0,0,0,geffen
04/05/2021 21:53:02 - 150000	P	18408,-1,0,0,0,0,0,geffen
04/05/2021 21:53:03 - 150000	P	18411,-1,0,0,0,0,0,geffen
04/05/2021 22:08:40 - 150003	A	20000,1,prontera
04/05/2021 22:09:28 - 150003	A	20001,1,prontera
04/05/2021 22:09:30 - 150003	A	20003,1,prontera
04/05/2021 22:09:32 - 150003	A	20004,1,prontera
04/05/2021 22:09:34 - 150003	A	20005,1,prontera
04/05/2021 22:09:36 - 150003	A	20006,1,prontera
04/05/2021 22:09:38 - 150003	A	20007,1,prontera
04/05/2021 22:09:42 - 150003	A	20008,1,prontera
04/05/2021 22:09:44 - 150003	A	20009,1,prontera
04/05/2021 22:09:48 - 150003	A	20010,1,prontera
04/05/2021 22:09:51 - 150003	A	20035,1,prontera
04/05/2021 22:09:54 - 150003	A	20036,1,prontera
04/05/2021 22:09:56 - 150003	A	20037,1,prontera
04/05/2021 22:09:58 - 150003	A	20038,1,prontera
04/05/2021 22:09:59 - 150003	A	20039,1,prontera
04/05/2021 22:10:04 - 150003	A	20040,1,prontera
04/05/2021 22:10:13 - 150003	A	20035,1,prontera
04/05/2021 22:10:15 - 150003	A	20033,1,prontera
04/05/2021 22:10:17 - 150003	A	20032,1,prontera
04/05/2021 22:10:22 - 150003	A	20030,1,prontera
04/05/2021 22:10:25 - 150003	A	20029,1,prontera
04/05/2021 22:15:19 - 150003	P	20001,-1,0,0,0,0,0,prontera
04/05/2021 22:15:20 - 150003	P	20032,-1,0,0,0,0,0,prontera
04/05/2021 22:15:21 - 150003	P	20033,-1,0,0,0,0,0,prontera
04/05/2021 22:15:22 - 150003	P	20010,-1,0,0,0,0,0,prontera
04/05/2021 22:15:23 - 150003	P	20009,-1,0,0,0,0,0,prontera
04/05/2021 22:15:24 - 150003	P	20013,-1,0,0,0,0,0,prontera
04/05/2021 22:15:26 - 150003	P	20008,-1,0,0,0,0,0,prontera
04/05/2021 22:15:27 - 150003	P	20007,-1,0,0,0,0,0,prontera
04/05/2021 22:15:28 - 150003	P	20006,-1,0,0,0,0,0,prontera
04/05/2021 22:15:29 - 150003	P	20005,-1,0,0,0,0,0,prontera
04/05/2021 22:15:29 - 150003	P	20003,-1,0,0,0,0,0,prontera
04/05/2021 22:15:30 - 150003	P	20001,-1,0,0,0,0,0,prontera
04/05/2021 22:15:31 - 150003	P	20000,-1,0,0,0,0,0,prontera
04/05/2021 22:15:32 - 150003	P	20029,-1,0,0,0,0,0,prontera
04/05/2021 22:15:34 - 150003	P	20037,-1,0,0,0,0,0,prontera
04/05/2021 22:15:34 - 150003	P	20040,-1,0,0,0,0,0,prontera
04/05/2021 22:15:35 - 150003	P	20039,-1,0,0,0,0,0,prontera
04/05/2021 22:15:36 - 150003	P	20039,-1,0,0,0,0,0,prontera
04/05/2021 22:15:40 - 150003	P	20039,-1,0,0,0,0,0,prontera
04/05/2021 22:15:43 - 150003	P	20035,-1,0,0,0,0,0,prontera
04/05/2021 22:15:44 - 150003	P	20004,-1,0,0,0,0,0,prontera
04/05/2021 22:15:45 - 150003	P	20038,-1,0,0,0,0,0,prontera
04/05/2021 22:15:50 - 150003	A	20000,1,prontera
04/05/2021 22:15:53 - 150003	A	20001,1,prontera
04/05/2021 22:15:55 - 150003	A	20002,1,prontera
04/05/2021 22:15:56 - 150003	A	20003,1,prontera
04/05/2021 22:15:58 - 150003	A	20004,1,prontera
04/05/2021 22:15:59 - 150003	A	20005,1,prontera
04/05/2021 22:16:01 - 150003	A	20006,1,prontera
04/05/2021 22:16:02 - 150003	A	20007,1,prontera
04/05/2021 22:16:04 - 150003	A	20008,1,prontera
04/05/2021 22:16:05 - 150003	A	20009,1,prontera
04/05/2021 22:16:08 - 150003	A	20010,1,prontera
04/05/2021 22:16:10 - 150003	A	20011,1,prontera
04/05/2021 22:16:11 - 150003	A	20012,1,prontera
04/05/2021 22:16:13 - 150003	A	20013,1,prontera
04/05/2021 22:16:14 - 150003	A	20014,1,prontera
04/05/2021 22:16:16 - 150003	A	20015,1,prontera
04/05/2021 22:16:17 - 150003	A	20016,1,prontera
04/05/2021 22:16:18 - 150003	A	20017,1,prontera
04/05/2021 22:16:44 - 150003	A	20016,1,prontera
04/05/2021 22:16:47 - 150003	P	20016,-1,0,0,0,0,0,prontera
04/05/2021 22:16:50 - 150003	A	20017,1,prontera
04/05/2021 22:16:53 - 150003	P	20017,-1,0,0,0,0,0,prontera
04/05/2021 22:16:55 - 150003	A	20018,1,prontera
04/05/2021 22:16:57 - 150003	A	20019,1,prontera
04/05/2021 22:17:00 - 150003	A	20020,1,prontera
04/05/2021 22:17:02 - 150003	A	20021,1,prontera
04/05/2021 22:17:06 - 150003	A	20022,1,prontera
04/05/2021 22:17:06 - 150003	A	20022,1,prontera
04/05/2021 22:17:09 - 150003	P	20022,-1,0,0,0,0,0,prontera
04/05/2021 22:17:11 - 150003	A	20023,1,prontera
04/05/2021 22:17:13 - 150003	A	20024,1,prontera
04/05/2021 22:17:15 - 150003	A	20025,1,prontera
04/05/2021 22:17:16 - 150003	A	20026,1,prontera
04/05/2021 22:17:17 - 150003	A	20027,1,prontera
04/05/2021 22:17:19 - 150003	A	20028,1,prontera
04/05/2021 22:17:20 - 150003	A	20029,1,prontera
04/05/2021 22:17:25 - 150003	A	20030,1,prontera
04/05/2021 22:17:28 - 150003	A	20032,1,prontera
04/05/2021 22:17:29 - 150003	A	20033,1,prontera
04/05/2021 22:17:30 - 150003	A	20034,1,prontera
04/05/2021 22:17:32 - 150003	A	20035,1,prontera
04/05/2021 22:17:33 - 150003	A	20036,1,prontera
04/05/2021 22:17:35 - 150003	A	20037,1,prontera
04/05/2021 22:17:36 - 150003	A	20038,1,prontera
04/05/2021 22:17:38 - 150003	A	20039,1,prontera
04/05/2021 22:17:41 - 150003	A	20040,1,prontera
04/05/2021 22:44:34 - 1002	M	909,-1,prontera
04/05/2021 22:44:34 - 1002	M	1202,-1,prontera
04/05/2021 22:44:34 - 1002	M	938,-1,prontera
04/05/2021 22:44:34 - 1002	M	512,-1,prontera
04/05/2021 22:44:34 - 1002	M	713,-1,prontera
04/05/2021 22:44:34 - 1002	M	512,-1,prontera
04/05/2021 23:42:07 - 150003	P	20040,-1,0,0,0,0,0,prontera
04/05/2021 23:42:17 - 150003	P	20040,1,0,0,0,0,0,prontera
04/05/2021 23:42:20 - 150003	P	20012,-1,0,0,0,0,0,prontera
04/05/2021 23:42:22 - 150003	P	20039,-1,0,0,0,0,0,prontera
04/05/2021 23:42:23 - 150003	P	20039,1,0,0,0,0,0,prontera
04/05/2021 23:42:23 - 150003	P	20012,1,0,0,0,0,0,prontera
04/05/2021 23:44:57 - 150003	P	20030,-2,0,0,0,0,0,prontera
04/05/2021 23:44:59 - 150003	P	20030,2,0,0,0,0,0,prontera
04/05/2021 23:57:56 - 150003	P	20040,-1,0,0,0,0,0,prontera
04/05/2021 23:57:58 - 150003	P	20040,1,0,0,0,0,0,prontera
04/05/2021 23:58:05 - 150003	P	20004,-1,0,0,0,0,0,prontera
04/05/2021 23:58:06 - 150003	P	20004,1,0,0,0,0,0,prontera
04/05/2021 23:58:09 - 150003	P	20017,-1,0,0,0,0,0,prontera
04/05/2021 23:58:10 - 150003	P	20017,1,0,0,0,0,0,prontera
