Build started 23/04/2012 12:07:51.
     1>Project "C:\Users\Marcos\Desktop\Cronus Trunk - Rev 3338\Cronus Trunk - Rev 3338\vcproj-9\txt-converter-login.vcxproj" on node 5 (build target(s)).
     1>InitializeBuildStatus:
         Creating "txt-converter-login\Debug\txt-converter-login.unsuccessfulbuild" because "AlwaysCreate" was specified.
       ClCompile:
         C:\Program Files (x86)\Microsoft Visual Studio 10.0\VC\bin\CL.exe /c /I..\3rdparty\mysql\include /I..\3rdparty\msinttypes\include /ZI /nologo /W3 /WX- /Od /Oy- /D WIN32 /D _WIN32 /D __WIN32 /D _DEBUG /D _CRT_SECURE_NO_DEPRECATE /D _CRT_NONSTDC_NO_DEPRECATE /D FD_SETSIZE=4096 /D DB_MANUAL_CAST_TO_UNION /D MINICORE /D WITH_TXT /D WITH_SQL /D _VC80_UPGRADE=0x0710 /D _MBCS /Gm /RTC1 /MTd /GS /Gy /fp:precise /Zc:wchar_t /Zc:forScope /Fo"txt-converter-login\Debug\\" /Fd"txt-converter-login\Debug\vc100.pdb" /Gd /TC /analyze- /errorReport:prompt ..\src\common\core.c ..\src\common\db.c ..\src\common\ers.c ..\src\common\lock.c ..\src\common\malloc.c ..\src\common\showmsg.c ..\src\common\sql.c ..\src\common\strlib.c ..\src\common\timer.c ..\src\common\utils.c ..\src\login\account_sql.c ..\src\login\account_txt.c "..\src\txt-converter\login-converter.c"
         login-converter.c
         account_txt.c
         account_sql.c
         utils.c
         timer.c
         strlib.c
         sql.c
         showmsg.c
         malloc.c
         lock.c
         ers.c
         db.c
         core.c
         Generating Code...
       ManifestResourceCompile:
         C:\Program Files (x86)\Microsoft SDKs\Windows\v7.0A\bin\rc.exe /nologo /fo"txt-converter-login\Debug\txt-converter-login.exe.embed.manifest.res" txt-converter-login\Debug\txt-converter-login_manifest.rc 
     1>C:\Program Files (x86)\MSBuild\Microsoft.Cpp\v4.0\Microsoft.CppBuild.targets(990,5): warning MSB8012: TargetPath(C:\Users\Marcos\Desktop\Cronus Trunk - Rev 3338\Cronus Trunk - Rev 3338\vcproj-9\..\tools\txt-converter-login.exe) does not match the Linker's OutputFile property value (C:\Users\Marcos\Desktop\Cronus Trunk - Rev 3338\Cronus Trunk - Rev 3338\tools\login-converter.exe). This may cause your project to build incorrectly. To correct this, please make sure that $(OutDir), $(TargetName) and $(TargetExt) property values match the value specified in %(Link.OutputFile).
     1>C:\Program Files (x86)\MSBuild\Microsoft.Cpp\v4.0\Microsoft.CppBuild.targets(992,5): warning MSB8012: TargetName(txt-converter-login) does not match the Linker's OutputFile property value (login-converter). This may cause your project to build incorrectly. To correct this, please make sure that $(OutDir), $(TargetName) and $(TargetExt) property values match the value specified in %(Link.OutputFile).
       Link:
         C:\Program Files (x86)\Microsoft Visual Studio 10.0\VC\bin\link.exe /ERRORREPORT:PROMPT /OUT:"..\tools\login-converter.exe" /INCREMENTAL /NOLOGO /LIBPATH:..\3rdparty\mysql\lib libcmtd.lib oldnames.lib ws2_32.lib libmysql.lib kernel32.lib user32.lib gdi32.lib winspool.lib comdlg32.lib advapi32.lib shell32.lib ole32.lib oleaut32.lib uuid.lib odbc32.lib odbccp32.lib /NODEFAULTLIB /MANIFEST /ManifestFile:"txt-converter-login\Debug\txt-converter-login.exe.intermediate.manifest" /MANIFESTUAC:"level='asInvoker' uiAccess='false'" /DEBUG /PDB:"..\tools\login-converter.pdb" /SUBSYSTEM:CONSOLE /TLBID:1 /DYNAMICBASE:NO /IMPLIB:"..\tools\txt-converter-login.lib" /MACHINE:X86 "txt-converter-login\Debug\txt-converter-login.exe.embed.manifest.res"
         "txt-converter-login\Debug\core.obj"
         "txt-converter-login\Debug\db.obj"
         "txt-converter-login\Debug\ers.obj"
         "txt-converter-login\Debug\lock.obj"
         "txt-converter-login\Debug\malloc.obj"
         "txt-converter-login\Debug\showmsg.obj"
         "txt-converter-login\Debug\sql.obj"
         "txt-converter-login\Debug\strlib.obj"
         "txt-converter-login\Debug\timer.obj"
         "txt-converter-login\Debug\utils.obj"
         "txt-converter-login\Debug\account_sql.obj"
         "txt-converter-login\Debug\account_txt.obj"
         "txt-converter-login\Debug\login-converter.obj"
       Manifest:
         C:\Program Files (x86)\Microsoft SDKs\Windows\v7.0A\bin\mt.exe /nologo /verbose /out:"txt-converter-login\Debug\txt-converter-login.exe.embed.manifest" /manifest "txt-converter-login\Debug\txt-converter-login.exe.intermediate.manifest"
         C:\Program Files (x86)\Microsoft SDKs\Windows\v7.0A\bin\rc.exe /nologo /fo"txt-converter-login\Debug\txt-converter-login.exe.embed.manifest.res" txt-converter-login\Debug\txt-converter-login_manifest.rc 
       LinkEmbedManifest:
         C:\Program Files (x86)\Microsoft Visual Studio 10.0\VC\bin\link.exe /ERRORREPORT:PROMPT /OUT:"..\tools\login-converter.exe" /INCREMENTAL /NOLOGO /LIBPATH:..\3rdparty\mysql\lib libcmtd.lib oldnames.lib ws2_32.lib libmysql.lib kernel32.lib user32.lib gdi32.lib winspool.lib comdlg32.lib advapi32.lib shell32.lib ole32.lib oleaut32.lib uuid.lib odbc32.lib odbccp32.lib /NODEFAULTLIB /MANIFEST /ManifestFile:"txt-converter-login\Debug\txt-converter-login.exe.intermediate.manifest" /MANIFESTUAC:"level='asInvoker' uiAccess='false'" /DEBUG /PDB:"..\tools\login-converter.pdb" /SUBSYSTEM:CONSOLE /TLBID:1 /DYNAMICBASE:NO /IMPLIB:"..\tools\txt-converter-login.lib" /MACHINE:X86 "txt-converter-login\Debug\txt-converter-login.exe.embed.manifest.res"
         "txt-converter-login\Debug\core.obj"
         "txt-converter-login\Debug\db.obj"
         "txt-converter-login\Debug\ers.obj"
         "txt-converter-login\Debug\lock.obj"
         "txt-converter-login\Debug\malloc.obj"
         "txt-converter-login\Debug\showmsg.obj"
         "txt-converter-login\Debug\sql.obj"
         "txt-converter-login\Debug\strlib.obj"
         "txt-converter-login\Debug\timer.obj"
         "txt-converter-login\Debug\utils.obj"
         "txt-converter-login\Debug\account_sql.obj"
         "txt-converter-login\Debug\account_txt.obj"
         "txt-converter-login\Debug\login-converter.obj"
         txt-converter-login.vcxproj -> C:\Users\Marcos\Desktop\Cronus Trunk - Rev 3338\Cronus Trunk - Rev 3338\vcproj-9\..\tools\txt-converter-login.exe
       FinalizeBuildStatus:
         Deleting file "txt-converter-login\Debug\txt-converter-login.unsuccessfulbuild".
         Touching "txt-converter-login\Debug\txt-converter-login.lastbuildstate".
     1>Done Building Project "C:\Users\Marcos\Desktop\Cronus Trunk - Rev 3338\Cronus Trunk - Rev 3338\vcproj-9\txt-converter-login.vcxproj" (build target(s)).

Build succeeded.

Time Elapsed 00:00:05.94
