Build started 23/04/2012 12:07:59.
     1>Project "C:\Users\Marcos\Desktop\Cronus Trunk - Rev 3338\Cronus Trunk - Rev 3338\vcproj-9\char-server_sql.vcxproj" on node 2 (build target(s)).
     1>InitializeBuildStatus:
         Creating "char-server_sql\Debug\char-server_sql.unsuccessfulbuild" because "AlwaysCreate" was specified.
       ClCompile:
         C:\Program Files (x86)\Microsoft Visual Studio 10.0\VC\bin\CL.exe /c /I..\3rdparty\mysql\include /I..\3rdparty\msinttypes\include /I..\3rdparty\mt19937ar /ZI /nologo /W3 /WX- /Od /Oy- /D WIN32 /D _WIN32 /D __WIN32 /D _DEBUG /D _CRT_SECURE_NO_DEPRECATE /D _CRT_NONSTDC_NO_DEPRECATE /D FD_SETSIZE=4096 /D DB_MANUAL_CAST_TO_UNION /D _VC80_UPGRADE=0x0710 /D _MBCS /Gm /RTC1 /MTd /GS /Gy /fp:precise /Zc:wchar_t /Zc:forScope /Fo"char-server_sql\Debug\\" /Fd"char-server_sql\Debug\vc100.pdb" /Gd /TC /wd4800 /analyze- /errorReport:prompt ..\3rdparty\mt19937ar\mt19937ar.c ..\src\common\core.c ..\src\common\db.c ..\src\common\ers.c ..\src\common\lock.c ..\src\common\malloc.c ..\src\common\mapindex.c ..\src\common\nullpo.c ..\src\common\plugins.c ..\src\common\random.c ..\src\common\showmsg.c ..\src\common\socket.c ..\src\common\sql.c ..\src\common\strlib.c ..\src\common\timer.c ..\src\common\utils.c ..\src\char_sql\char.c ..\src\char_sql\int_auction.c ..\src\char_sql\int_guild.c ..\src\char_sql\int_homun.c ..\src\char_sql\int_mail.c ..\src\char_sql\int_mercenary.c ..\src\char_sql\int_party.c ..\src\char_sql\int_pet.c ..\src\char_sql\int_quest.c ..\src\char_sql\int_storage.c ..\src\char_sql\inter.c
         inter.c
         int_storage.c
         int_quest.c
         int_pet.c
         int_party.c
         int_mercenary.c
         int_mail.c
         int_homun.c
         int_guild.c
         int_auction.c
         char.c
         utils.c
         timer.c
         strlib.c
         sql.c
         socket.c
         showmsg.c
         random.c
         plugins.c
         nullpo.c
         Generating Code...
         Compiling...
         mapindex.c
         malloc.c
         lock.c
         ers.c
         db.c
         core.c
         mt19937ar.c
         Generating Code...
       ManifestResourceCompile:
         C:\Program Files (x86)\Microsoft SDKs\Windows\v7.0A\bin\rc.exe /nologo /fo"char-server_sql\Debug\char-server_sql.exe.embed.manifest.res" char-server_sql\Debug\char-server_sql_manifest.rc 
       Link:
         C:\Program Files (x86)\Microsoft Visual Studio 10.0\VC\bin\link.exe /ERRORREPORT:PROMPT /OUT:"..\char-server_sql.exe" /INCREMENTAL /NOLOGO /LIBPATH:..\3rdparty\mysql\lib libcmtd.lib oldnames.lib ws2_32.lib libmysql.lib kernel32.lib user32.lib gdi32.lib winspool.lib comdlg32.lib advapi32.lib shell32.lib ole32.lib oleaut32.lib uuid.lib odbc32.lib odbccp32.lib /NODEFAULTLIB /MANIFEST /ManifestFile:"char-server_sql\Debug\char-server_sql.exe.intermediate.manifest" /MANIFESTUAC:"level='asInvoker' uiAccess='false'" /DEBUG /PDB:"..\char-server_sql.pdb" /SUBSYSTEM:CONSOLE /TLBID:1 /DYNAMICBASE:NO /IMPLIB:"..\char-server_sql.lib" /MACHINE:X86 "char-server_sql\Debug\char-server_sql.exe.embed.manifest.res"
         "char-server_sql\Debug\mt19937ar.obj"
         "char-server_sql\Debug\core.obj"
         "char-server_sql\Debug\db.obj"
         "char-server_sql\Debug\ers.obj"
         "char-server_sql\Debug\lock.obj"
         "char-server_sql\Debug\malloc.obj"
         "char-server_sql\Debug\mapindex.obj"
         "char-server_sql\Debug\nullpo.obj"
         "char-server_sql\Debug\plugins.obj"
         "char-server_sql\Debug\random.obj"
         "char-server_sql\Debug\showmsg.obj"
         "char-server_sql\Debug\socket.obj"
         "char-server_sql\Debug\sql.obj"
         "char-server_sql\Debug\strlib.obj"
         "char-server_sql\Debug\timer.obj"
         "char-server_sql\Debug\utils.obj"
         "char-server_sql\Debug\char.obj"
         "char-server_sql\Debug\int_auction.obj"
         "char-server_sql\Debug\int_guild.obj"
         "char-server_sql\Debug\int_homun.obj"
         "char-server_sql\Debug\int_mail.obj"
         "char-server_sql\Debug\int_mercenary.obj"
         "char-server_sql\Debug\int_party.obj"
         "char-server_sql\Debug\int_pet.obj"
         "char-server_sql\Debug\int_quest.obj"
         "char-server_sql\Debug\int_storage.obj"
         "char-server_sql\Debug\inter.obj"
       Manifest:
         C:\Program Files (x86)\Microsoft SDKs\Windows\v7.0A\bin\mt.exe /nologo /verbose /out:"char-server_sql\Debug\char-server_sql.exe.embed.manifest" /manifest "char-server_sql\Debug\char-server_sql.exe.intermediate.manifest"
         All outputs are up-to-date.
       LinkEmbedManifest:
         All outputs are up-to-date.
         char-server_sql.vcxproj -> C:\Users\Marcos\Desktop\Cronus Trunk - Rev 3338\Cronus Trunk - Rev 3338\vcproj-9\..\char-server_sql.exe
       FinalizeBuildStatus:
         Deleting file "char-server_sql\Debug\char-server_sql.unsuccessfulbuild".
         Touching "char-server_sql\Debug\char-server_sql.lastbuildstate".
     1>Done Building Project "C:\Users\Marcos\Desktop\Cronus Trunk - Rev 3338\Cronus Trunk - Rev 3338\vcproj-9\char-server_sql.vcxproj" (build target(s)).

Build succeeded.

Time Elapsed 00:00:07.10
